<?xml version="1.0" encoding="UTF-8"?>
<testsuite xmlns:xsi="http://www.w3.org/2001/XMLSchema-instance" xsi:noNamespaceSchemaLocation="https://maven.apache.org/surefire/maven-surefire-plugin/xsd/surefire-test-report-3.0.xsd" version="3.0" name="creation of an event on the calendar" time="74.083" tests="2" errors="2" skipped="0" failures="0">
  <properties>
[...]
</properties>
  <testcase name="Creating an event on the calendar." classname="creation of an event on the calendar" time="36.708">
    <error message="no such element: Unable to locate element: {&quot;method&quot;:&quot;xpath&quot;,&quot;selector&quot;:&quot;//button[.=&apos;Log in&apos;]&quot;}&#10;  (Session info: chrome=123.0.6312.58)&#10;For documentation on this error, please visit: https://www.selenium.dev/documentation/webdriver/troubleshooting/errors#no-such-element-exception&#10;Build info: version: &apos;4.16.1&apos;, revision: &apos;9b4c83354e&apos;&#10;System info: os.name: &apos;Mac OS X&apos;, os.arch: &apos;x86_64&apos;, os.version: &apos;11.5&apos;, java.version: &apos;11.0.12&apos;&#10;Driver info: org.openqa.selenium.chrome.ChromeDriver&#10;Command: [d063ab56949302b8687a5fb674d0e1b1, findElement {using=xpath, value=//button[.=&apos;Log in&apos;]}]&#10;Capabilities {acceptInsecureCerts: false, browserName: chrome, browserVersion: 123.0.6312.58, chrome: {chromedriverVersion: 123.0.6312.58 (6b4b19e9dfbb..., userDataDir: /var/folders/s1/2g71bq194ql...}, fedcm:accounts: true, goog:chromeOptions: {debuggerAddress: localhost:51575}, networkConnectionEnabled: false, pageLoadStrategy: normal, platformName: mac, proxy: Proxy(), se:cdp: ws://localhost:51575/devtoo..., se:cdpVersion: 123.0.6312.58, setWindowRect: true, strictFileInteractability: false, timeouts: {implicit: 0, pageLoad: 300000, script: 30000}, unhandledPromptBehavior: dismiss and notify, webauthn:extension:credBlob: true, webauthn:extension:largeBlob: true, webauthn:extension:minPinLength: true, webauthn:extension:prf: true, webauthn:virtualAuthenticators: true}&#10;Session ID: d063ab56949302b8687a5fb674d0e1b1" type="org.openqa.selenium.NoSuchElementException"><![CDATA[org.openqa.selenium.NoSuchElementException: 
no such element: Unable to locate element: {"method":"xpath","selector":"//button[.='Log in']"}
  (Session info: chrome=123.0.6312.58)
For documentation on this error, please visit: https://www.selenium.dev/documentation/webdriver/troubleshooting/errors#no-such-element-exception
Build info: version: '4.16.1', revision: '9b4c83354e'
System info: os.name: 'Mac OS X', os.arch: 'x86_64', os.version: '11.5', java.version: '11.0.12'
Driver info: org.openqa.selenium.chrome.ChromeDriver
Command: [d063ab56949302b8687a5fb674d0e1b1, findElement {using=xpath, value=//button[.='Log in']}]
Capabilities {acceptInsecureCerts: false, browserName: chrome, browserVersion: 123.0.6312.58, chrome: {chromedriverVersion: 123.0.6312.58 (6b4b19e9dfbb..., userDataDir: /var/folders/s1/2g71bq194ql...}, fedcm:accounts: true, goog:chromeOptions: {debuggerAddress: localhost:51575}, networkConnectionEnabled: false, pageLoadStrategy: normal, platformName: mac, proxy: Proxy(), se:cdp: ws://localhost:51575/devtoo..., se:cdpVersion: 123.0.6312.58, setWindowRect: true, strictFileInteractability: false, timeouts: {implicit: 0, pageLoad: 300000, script: 30000}, unhandledPromptBehavior: dismiss and notify, webauthn:extension:credBlob: true, webauthn:extension:largeBlob: true, webauthn:extension:minPinLength: true, webauthn:extension:prf: true, webauthn:virtualAuthenticators: true}
Session ID: d063ab56949302b8687a5fb674d0e1b1
]]></error>
    <system-out><![CDATA[Mar 23, 2024 5:38:24 PM net.masterthought.cucumber.ReportParser parseJsonFiles
INFO: File '/var/folders/s1/2g71bq194qlckv63vj7tbvcc0000gn/T/cucumber13831140512716660886.json' contains 7 features

SLF4J: Failed to load class "org.slf4j.impl.StaticLoggerBinder".
SLF4J: Defaulting to no-operation (NOP) logger implementation
SLF4J: See http://www.slf4j.org/codes.html#StaticLoggerBinder for further details.
rs.ParentRunner$3.evaluate(ParentRunner.java:306)
	at org.junit.runners.ParentRunner.run(ParentRunner.java:413)
	at io.cucumber.junit.FeatureRunner.run(FeatureRunner.java:137)
	at io.cucumber.junit.Cucumber.runChild(Cucumber.java:196)
	at io.cucumber.junit.Cucumber.runChild(Cucumber.java:89)
	at org.junit.runners.ParentRunner$4.run(ParentRunner.java:331)
	at org.apache.maven.surefire.junitcore.pc.Scheduler$1.run(Scheduler.java:405)
	at java.base/java.util.concurrent.Executors$RunnableAdapter.call(Executors.java:515)
	at java.base/java.util.concurrent.FutureTask.run(FutureTask.java:264)
	at java.base/java.util.concurrent.ThreadPoolExecutor.runWorker(ThreadPoolExecutor.java:1128)
	at java.base/java.util.concurrent.ThreadPoolExecutor$Worker.run(ThreadPoolExecutor.java:628)
	at java.base/java.lang.Thread.run(Thread.java:834)

  And user click account name tab                                                                                                                    # com.twiliaerp.step_definitions.LogOutStepDef_B32G20_136_Tatiana.user_click_account_name_tab()
  When user clicks "Documentation" button
  Then user should see these main document topics:
    | User Docs            |
    | Install and Maintain |
    | Developer            |
    | Contribute           |

┌──────────────────────────────────────────────────────────────────────────┐
│ View your Cucumber Report at:                                            │
│ https://reports.cucumber.io/reports/d4e55160-d4ae-4e89-a6b1-8f6ab1955840 │
│                                                                          │
│ This report will self-destruct in 24h.                                   │
│ Keep reports forever: https://reports.cucumber.io/profile                │
└──────────────────────────────────────────────────────────────────────────┘
---> @Before: RUNNING BEFORE EACH SCENARIO 

@B32G20-173
Scenario: US11 As POS & Sales Manager, I want to manage quotations on the Sales page. # src/test/resources/features/SalesPageQuotations_B32G20_145.feature:4

@logout
Scenario Outline: AC1: Verify the user logs out by clicking “Log out” button in profile menu and lands on Log in page. # src/test/resources/features/LogOut_B32G20_136_Tatiana.feature:17

@B32G20-159 @B32G20-157
Scenario Outline: AC1:Verify there are 6 columns which shows the details of quotations on the Sales page when the POS & Sales Managers login. # src/test/resources/features/SalesPage_B32G20_141_Busee.feature:18

@B32G20-165 @B32G20-163
Scenario Outline: AC1:Verify there are 6 columns to show the details of the repair orders on the Repairs page when # src/test/resources/features/RepairsPage_B32G20_142_Buse.feature:24

Scenario: Creating an event on the calendar.                      # src/test/resources/features/createEvent.feature:9

@B32G20-170 @B32G20-166 @Login
Scenario: US01_Verify that the user can log in with valid credentials # src/test/resources/features/Login_B32G20-135_Rana.feature:8

Scenario Outline: AC1: Verify the “Odoo Documentation” message is displayed in a new window after clicking Documentation button in the profile menu. # src/test/resources/features/Documentation_B32G20-144_Buse.feature:16
  Given Given user is on "https://qa.twiliaerp.com/web/login" page                    # com.twiliaerp.step_definitions.ManagersQuotationsSelectAll_B32G20_145_StepDefs_Rana.givenUserIsOnPage(java.lang.String)
  Given user is on the "https://qa.twiliaerp.com/web/login" page      # com.twiliaerp.step_definitions.Login_stepDefs_B32G20_135_Rana.userIsOnThePage(java.lang.String)
  When user enters valid "salesmanager17@info.com"                                    # com.twiliaerp.step_definitions.ManagersQuotationsSelectAll_B32G20_145_StepDefs_Rana.userEntersValid(java.lang.String)
  When When user enters valid "posmanager12@info.com"                 # com.twiliaerp.step_definitions.Login_stepDefs_B32G20_135_Rana.whenUserEntersValid(java.lang.String)
  Given user is on the login page of the Twiliaerp application.   # com.twiliaerp.step_definitions.CreateEvent_step_def.user_is_on_the_login_page_of_the_twiliaerp_application()
  When user enters the POS Manager username and password.         # com.twiliaerp.step_definitions.CreateEvent_step_def.user_enters_the_pos_manager_username_and_password()
  And user enters valid "posmanager" then click enter                 # com.twiliaerp.step_definitions.Login_stepDefs_B32G20_135_Rana.userEntersValidThenClickEnter(java.lang.String)
  Then user should see the dashboard                                  # com.twiliaerp.step_definitions.Login_stepDefs_B32G20_135_Rana.user_should_see_the_dashboard()
  And user enters valid "salesmanager" and click enter                                # com.twiliaerp.step_definitions.ManagersQuotationsSelectAll_B32G20_145_StepDefs_Rana.userEntersValidAndClickEnter(java.lang.String)
  When user click on sales page                                                       # com.twiliaerp.step_definitions.ManagersQuotationsSelectAll_B32G20_145_StepDefs_Rana.userClickOnSalesPage()

@B32G20-170 @B32G20-167 @InvalidUsername
Scenario Outline: US01_Verify that the user cannot log in with invalid username credentials # src/test/resources/features/Login_B32G20-135_Rana.feature:27
  Given user login successfully with valid credentials "posmanager", 5                                                 # com.twiliaerp.step_definitions.SalesPageStepDef_B32G20_141_Buse.user_login_successfully_with_valid_credentials(java.lang.String,int)
  Given user login successfully with valid credentials "posmanager", 5                                                                        # com.twiliaerp.step_definitions.SalesPageStepDef_B32G20_141_Buse.user_login_successfully_with_valid_credentials(java.lang.String,int)
  Given user login successfully with valid credentials "posmanager", 5                                             # com.twiliaerp.step_definitions.SalesPageStepDef_B32G20_141_Buse.user_login_successfully_with_valid_credentials(java.lang.String,int)
  And user check all quotations checkBox                                              # com.twiliaerp.step_definitions.ManagersQuotationsSelectAll_B32G20_145_StepDefs_Rana.userCheckAllQuotationsCheckBox()
  Given user login successfully with valid credentials "posmanager", 5                                                                               # com.twiliaerp.step_definitions.SalesPageStepDef_B32G20_141_Buse.user_login_successfully_with_valid_credentials(java.lang.String,int)
  Then user should be able to select all quotations                                   # com.twiliaerp.step_definitions.ManagersQuotationsSelectAll_B32G20_145_StepDefs_Rana.userShouldBeAbleToSelectAllQuotations()
  When user click account name tab                                                                                     # com.twiliaerp.step_definitions.LogOutStepDef_B32G20_136_Tatiana.user_click_account_name_tab()
  And user click account name tab                                                                                                                    # com.twiliaerp.step_definitions.LogOutStepDef_B32G20_136_Tatiana.user_click_account_name_tab()
  When user clicks "Documentation" button
  Then user should see “Odoo Documentation” message in a new window

Scenario Outline: AC1: Verify the “Odoo Documentation” message is displayed in a new window after clicking Documentation button in the profile menu. # src/test/resources/features/Documentation_B32G20-144_Buse.feature:17
  And user click log out button                                                                                        # com.twiliaerp.step_definitions.LogOutStepDef_B32G20_136_Tatiana.user_click_log_out_button()
  Then user should lands on log in page again                                                                          # com.twiliaerp.step_definitions.LogOutStepDef_B32G20_136_Tatiana.user_should_lands_on_log_in_page_again()

@logout
Scenario Outline: AC1: Verify the user logs out by clicking “Log out” button in profile menu and lands on Log in page. # src/test/resources/features/LogOut_B32G20_136_Tatiana.feature:18
  Then user should be able to login and land on the Discuss page. # com.twiliaerp.step_definitions.CreateEvent_step_def.user_should_be_able_to_login_and_land_on_the_discuss_page()
      org.openqa.selenium.NoSuchElementException: no such element: Unable to locate element: {"method":"xpath","selector":"//button[.='Log in']"}
  (Session info: chrome=123.0.6312.58)
For documentation on this error, please visit: https://www.selenium.dev/documentation/webdriver/troubleshooting/errors#no-such-element-exception
Build info: version: '4.16.1', revision: '9b4c83354e'
System info: os.name: 'Mac OS X', os.arch: 'x86_64', os.version: '11.5', java.version: '11.0.12'
Driver info: org.openqa.selenium.chrome.ChromeDriver
Command: [d063ab56949302b8687a5fb674d0e1b1, findElement {using=xpath, value=//button[.='Log in']}]
Capabilities {acceptInsecureCerts: false, browserName: chrome, browserVersion: 123.0.6312.58, chrome: {chromedriverVersion: 123.0.6312.58 (6b4b19e9dfbb..., userDataDir: /var/folders/s1/2g71bq194ql...}, fedcm:accounts: true, goog:chromeOptions: {debuggerAddress: localhost:51575}, networkConnectionEnabled: false, pageLoadStrategy: normal, platformName: mac, proxy: Proxy(), se:cdp: ws://localhost:51575/devtoo..., se:cdpVersion: 123.0.6312.58, setWindowRect: true, strictFileInteractability: false, timeouts: {implicit: 0, pageLoad: 300000, script: 30000}, unhandledPromptBehavior: dismiss and notify, webauthn:extension:credBlob: true, webauthn:extension:largeBlob: true, webauthn:extension:minPinLength: true, webauthn:extension:prf: true, webauthn:virtualAuthenticators: true}
Session ID: d063ab56949302b8687a5fb674d0e1b1
	at java.base/jdk.internal.reflect.NativeConstructorAccessorImpl.newInstance0(Native Method)
	at java.base/jdk.internal.reflect.NativeConstructorAccessorImpl.newInstance(NativeConstructorAccessorImpl.java:62)
	at java.base/jdk.internal.reflect.Delegati---> @After: RUNNING AFTER EACH SCENARIO
]]></system-out>
    <system-err><![CDATA[Mar 23, 2024 5:32:39 PM org.openqa.selenium.devtools.CdpVersionFinder findNearestMatch
WARNING: Unable to find an exact match for CDP version 123, returning the closest version; found: 120; Please update to a Selenium version that supports CDP version 123
]]></system-err>
  </testcase>
  <testcase name="event details verification." classname="creation of an event on the calendar" time="37.374">
    <error message="no such element: Unable to locate element: {&quot;method&quot;:&quot;xpath&quot;,&quot;selector&quot;:&quot;//button[.=&apos;Log in&apos;]&quot;}&#10;  (Session info: chrome=123.0.6312.58)&#10;For documentation on this error, please visit: https://www.selenium.dev/documentation/webdriver/troubleshooting/errors#no-such-element-exception&#10;Build info: version: &apos;4.16.1&apos;, revision: &apos;9b4c83354e&apos;&#10;System info: os.name: &apos;Mac OS X&apos;, os.arch: &apos;x86_64&apos;, os.version: &apos;11.5&apos;, java.version: &apos;11.0.12&apos;&#10;Driver info: org.openqa.selenium.chrome.ChromeDriver&#10;Command: [8869f7e841d89a86c466de4d72a898f8, findElement {using=xpath, value=//button[.=&apos;Log in&apos;]}]&#10;Capabilities {acceptInsecureCerts: false, browserName: chrome, browserVersion: 123.0.6312.58, chrome: {chromedriverVersion: 123.0.6312.58 (6b4b19e9dfbb..., userDataDir: /var/folders/s1/2g71bq194ql...}, fedcm:accounts: true, goog:chromeOptions: {debuggerAddress: localhost:51723}, networkConnectionEnabled: false, pageLoadStrategy: normal, platformName: mac, proxy: Proxy(), se:cdp: ws://localhost:51723/devtoo..., se:cdpVersion: 123.0.6312.58, setWindowRect: true, strictFileInteractability: false, timeouts: {implicit: 0, pageLoad: 300000, script: 30000}, unhandledPromptBehavior: dismiss and notify, webauthn:extension:credBlob: true, webauthn:extension:largeBlob: true, webauthn:extension:minPinLength: true, webauthn:extension:prf: true, webauthn:virtualAuthenticators: true}&#10;Session ID: 8869f7e841d89a86c466de4d72a898f8" type="org.openqa.selenium.NoSuchElementException"><![CDATA[org.openqa.selenium.NoSuchElementException: 
no such element: Unable to locate element: {"method":"xpath","selector":"//button[.='Log in']"}
  (Session info: chrome=123.0.6312.58)
For documentation on this error, please visit: https://www.selenium.dev/documentation/webdriver/troubleshooting/errors#no-such-element-exception
Build info: version: '4.16.1', revision: '9b4c83354e'
System info: os.name: 'Mac OS X', os.arch: 'x86_64', os.version: '11.5', java.version: '11.0.12'
Driver info: org.openqa.selenium.chrome.ChromeDriver
Command: [8869f7e841d89a86c466de4d72a898f8, findElement {using=xpath, value=//button[.='Log in']}]
Capabilities {acceptInsecureCerts: false, browserName: chrome, browserVersion: 123.0.6312.58, chrome: {chromedriverVersion: 123.0.6312.58 (6b4b19e9dfbb..., userDataDir: /var/folders/s1/2g71bq194ql...}, fedcm:accounts: true, goog:chromeOptions: {debuggerAddress: localhost:51723}, networkConnectionEnabled: false, pageLoadStrategy: normal, platformName: mac, proxy: Proxy(), se:cdp: ws://localhost:51723/devtoo..., se:cdpVersion: 123.0.6312.58, setWindowRect: true, strictFileInteractability: false, timeouts: {implicit: 0, pageLoad: 300000, script: 30000}, unhandledPromptBehavior: dismiss and notify, webauthn:extension:credBlob: true, webauthn:extension:largeBlob: true, webauthn:extension:minPinLength: true, webauthn:extension:prf: true, webauthn:virtualAuthenticators: true}
Session ID: 8869f7e841d89a86c466de4d72a898f8
]]></error>
    <system-out><![CDATA[---> @Before: RUNNING BEFORE EACH SCENARIO 
---> @After: RUNNING AFTER EACH SCENARIO
]]></system-out>
    <system-err><![CDATA[Mar 23, 2024 5:33:13 PM org.openqa.selenium.devtools.CdpVersionFinder findNearestMatch
WARNING: Unable to find an exact match for CDP version 123, returning the closest version; found: 120; Please update to a Selenium version that supports CDP version 123
]]></system-err>
  </testcase>
</testsuite>