<?xml version="1.0" encoding="UTF-8"?>
<testsuite xmlns:xsi="http://www.w3.org/2001/XMLSchema-instance" xsi:noNamespaceSchemaLocation="https://maven.apache.org/surefire/maven-surefire-plugin/xsd/surefire-test-report-3.0.xsd" version="3.0" name="Documentation Page functionality" time="355.462" tests="10" errors="10" skipped="0" failures="0">
  <properties>
[...]
</properties>
  <testcase name="AC1: Verify the “Odoo Documentation” message is displayed in a new window after clicking Documentation button in the profile menu. #1" classname="Documentation Page functionality" time="34.781">
    <error message="The step &apos;user clicks &quot;Documentation&quot; button&apos; and 1 other step(s) are undefined.&#10;You can implement these steps using the snippet(s) below:&#10;&#10;@When(&quot;user clicks {string} button&quot;)&#10;public void user_clicks_button(String string) {&#10;    // Write code here that turns the phrase above into concrete actions&#10;    throw new io.cucumber.java.PendingException();&#10;}&#10;@Then(&quot;user should see “Odoo Documentation” message in a new window&quot;)&#10;public void user_should_see_odoo_documentation_message_in_a_new_window() {&#10;    // Write code here that turns the phrase above into concrete actions&#10;    throw new io.cucumber.java.PendingException();&#10;}&#10;" type="io.cucumber.junit.UndefinedStepException"><![CDATA[io.cucumber.junit.UndefinedStepException: 
The step 'user clicks "Documentation" button' and 1 other step(s) are undefined.
You can implement these steps using the snippet(s) below:

@When("user clicks {string} button")
public void user_clicks_button(String string) {
    // Write code here that turns the phrase above into concrete actions
    throw new io.cucumber.java.PendingException();
}
@Then("user should see “Odoo Documentation” message in a new window")
public void user_should_see_odoo_documentation_message_in_a_new_window() {
    // Write code here that turns the phrase above into concrete actions
    throw new io.cucumber.java.PendingException();
}

]]></error>
    <system-out><![CDATA[---> @Before: RUNNING BEFORE EACH SCENARIO 
---> @After: RUNNING AFTER EACH SCENARIO
]]></system-out>
    <system-err><![CDATA[Mar 23, 2024 5:32:39 PM org.openqa.selenium.devtools.CdpVersionFinder findNearestMatch
WARNING: Unable to find an exact match for CDP version 123, returning the closest version; found: 120; Please update to a Selenium version that supports CDP version 123
]]></system-err>
  </testcase>
  <testcase name="AC1: Verify the “Odoo Documentation” message is displayed in a new window after clicking Documentation button in the profile menu. #2" classname="Documentation Page functionality" time="29.945">
    <error message="The step &apos;user clicks &quot;Documentation&quot; button&apos; and 1 other step(s) are undefined.&#10;You can implement these steps using the snippet(s) below:&#10;&#10;@When(&quot;user clicks {string} button&quot;)&#10;public void user_clicks_button(String string) {&#10;    // Write code here that turns the phrase above into concrete actions&#10;    throw new io.cucumber.java.PendingException();&#10;}&#10;@Then(&quot;user should see “Odoo Documentation” message in a new window&quot;)&#10;public void user_should_see_odoo_documentation_message_in_a_new_window() {&#10;    // Write code here that turns the phrase above into concrete actions&#10;    throw new io.cucumber.java.PendingException();&#10;}&#10;" type="io.cucumber.junit.UndefinedStepException"><![CDATA[io.cucumber.junit.UndefinedStepException: 
The step 'user clicks "Documentation" button' and 1 other step(s) are undefined.
You can implement these steps using the snippet(s) below:

@When("user clicks {string} button")
public void user_clicks_button(String string) {
    // Write code here that turns the phrase above into concrete actions
    throw new io.cucumber.java.PendingException();
}
@Then("user should see “Odoo Documentation” message in a new window")
public void user_should_see_odoo_documentation_message_in_a_new_window() {
    // Write code here that turns the phrase above into concrete actions
    throw new io.cucumber.java.PendingException();
}

]]></error>
    <system-out><![CDATA[---> @Before: RUNNING BEFORE EACH SCENARIO 
ngConstructorAccessorImpl.newInstance(DelegatingConstructorAccessorImpl.java:45)
	at java.base/java.lang.reflect.Constructor.newInstance(Constructor.java:490)
	at org.openqa.selenium.remote.codec.w3c.W3CHttpResponseCodec.createException(W3CHttpResponseCodec.java:200)
	at org.openqa.selenium.remote.codec.w3c.W3CHttpResponseCodec.decode(W3CHttpResponseCodec.java:133)
	at org.openqa.selenium.remote.codec.w3c.W3CHttpResponseCodec.decode(W3CHttpResponseCodec.java:52)
	at org.openqa.selenium.remote.HttpCommandExecutor.execute(HttpCommandExecutor.java:191)
	at org.openqa.selenium.remote.service.DriverCommandExecutor.invokeExecute(DriverCommandExecutor.java:200)
	at org.openqa.selenium.remote.service.DriverCommandExecutor.execute(DriverCommandExecutor.java:175)
	at org.openqa.selenium.remote.RemoteWebDriver.execute(RemoteWebDriver.java:523)
	at org.openqa.selenium.remote.ElementLocation$ElementFinder$2.findElement(ElementLocation.java:165)
	at org.openqa.selenium.remote.ElementLocation.findElement(ElementLocation.java:59)
	at org.openqa.selenium.remote.RemoteWebDriver.findElement(RemoteWebDriver.java:360)
	at org.openqa.selenium.remote.RemoteWebDriver.findElement(RemoteWebDriver.java:354)
	at org.openqa.selenium.support.pagefactory.DefaultElementLocator.findElement(DefaultElementLocator.java:68)
	at org.openqa.selenium.support.pagefactory.internal.LocatingElementHandler.invoke(LocatingElementHandler.java:38)
	at com.sun.proxy.$Proxy22.click(Unknown Source)
	at com.twiliaerp.step_definitions.CreateEvent_step_def.user_should_be_able_to_login_and_land_on_the_discuss_page(CreateEvent_step_def.java:29)
	at ✽.user should be able to login and land on the Discuss page.(file:///Users/buseayvedi/IdeaProjects/B32G20-AutomationProject/src/test/resources/features/createEvent.feature:7)

  When user go to calendar and clicks on any time box.            # com.twiliaerp.step_definitions.CreateEvent_step_def.user_go_to_calendar_and_clicks_on_any_time_box()
  Then user can create an event.                                  # com.twiliaerp.step_definitions.CreateEvent_step_def.user_can_create_an_event()
  When user clicks Repairs title and land on the page successfully                                                 # com.twiliaerp.step_definitions.RepairsPage_StepDef_B32G20_142_Buse.user_clicks_repairs_title_and_land_on_the_page_successfully()
  Then user verify there are these columns to show the detail of the repair orders on the page                     # com.twiliaerp.step_definitions.RepairsPage_StepDef_B32G20_142_Buse.user_verify_there_are_these_columns_to_show_the_detail_of_the_repair_orders_on_the_page(java.util.List<java.lang.String>)
    | Repair Reference    |
    | Product to Repair   |
    | Customer            |
    | Delivery Address    |
    | Warranty Expiration |
    | Status              |

@B32G20-165 @B32G20-163
Scenario Outline: AC1:Verify there are 6 columns to show the details of the repair orders on the Repairs page when # src/test/resources/features/RepairsPage_B32G20_142_Buse.feature:25

Scenario: event details verification.                             # src/test/resources/features/createEvent.feature:14
  When user clicks Sales title and land on the page successfully                                                                              # com.twiliaerp.step_definitions.SalesPageStepDef_B32G20_141_Buse.user_clicks_sales_title_and_land_on_the_page_successfully()
  Then user should see these below titles on the list                                                                                         # com.twiliaerp.step_definitions.SalesPageStepDef_B32G20_141_Buse.user_should_see_these_on_the_list(java.util.List<java.lang.String>)
    | Quotation Number |
    | Quotation Date   |
    | Customer         |
    | Salesperson      |
    | Total            |
    | Status           |

@B32G20-159 @B32G20-157
Scenario Outline: AC1:Verify there are 6 columns which shows the details of quotations on the Sales page when the POS & Sales Managers login. # src/test/resources/features/SalesPage_B32G20_141_Busee.feature:19
  Given user is on the "https://qa.twiliaerp.com/web/login" page                            # com.twiliaerp.step_definitions.Login_stepDefs_B32G20_135_Rana.userIsOnThePage(java.lang.String)
  When user enters invalid "posmanager12@info.com" and valid "inventorymanager"             # com.twiliaerp.step_definitions.Login_stepDefs_B32G20_135_Rana.userEntersInvalidAndValid(java.lang.String,java.lang.String)
  Then verify "Wrong login/password" message displayed                                      # com.twiliaerp.step_definitions.Login_stepDefs_B32G20_135_Rana.verify_message_displayed(java.lang.String)

@B32G20-170 @B32G20-167 @InvalidUsername
Scenario Outline: US01_Verify that the user cannot log in with invalid username credentials # src/test/resources/features/Login_B32G20-135_Rana.feature:28
  Given user is on the login page of the Twiliaerp application.   # com.twiliaerp.step_definitions.CreateEvent_step_def.user_is_on_the_login_page_of_the_twiliaerp_application()
  Given user is on the "https://qa.twiliaerp.com/web/login" page                            # com.twiliaerp.step_definitions.Login_stepDefs_B32G20_135_Rana.userIsOnThePage(java.lang.String)
  When user enters invalid "eventscrmmanager11@info.com" and valid "salesmanager"           # com.twiliaerp.step_definitions.Login_stepDefs_B32G20_135_Rana.userEntersInvalidAndValid(java.lang.String,java.lang.String)
  Then verify "Wrong login/password" message displayed                                      # com.twiliaerp.step_definitions.Login_stepDefs_B32G20_135_Rana.verify_message_displayed(java.lang.String)

@B32G20-170 @B32G20-168 @InvalidPassword
Scenario Outline: US01_Verify that the user cannot log in with invalid password credentials # src/test/resources/features/Login_B32G20-135_Rana.feature:37
  When user enters the POS Manager username and password.         # com.twiliaerp.step_definitions.CreateEvent_step_def.user_enters_the_pos_manager_username_and_password()
  Given user login successfully with valid credentials "posmanager", 55                                                # com.twiliaerp.step_definitions.SalesPageStepDef_B32G20_141_Buse.user_login_successfully_with_valid_credentials(java.lang.String,int)
  When user click account name tab                                                                                     # com.twiliaerp.step_definitions.LogOutStepDef_B32G20_136_Tatiana.user_click_account_name_tab()
  Given user login successfully with valid credentials "posmanager", 55                                            # com.twiliaerp.step_definitions.SalesPageStepDef_B32G20_141_Buse.user_login_successfully_with_valid_credentials(java.lang.String,int)
  Given user login successfully with valid credentials "posmanager", 55                                                                       # com.twiliaerp.step_definitions.SalesPageStepDef_B32G20_141_Buse.user_login_successfully_with_valid_credentials(java.lang.String,int)
  Given user login successfully with valid credentials "crmmanager", 20                                                                              # com.twiliaerp.step_definitions.SalesPageStepDef_B32G20_141_Buse.user_login_successfully_with_valid_credentials(java.lang.String,int)
  And user click log out button                                                                                        # com.twiliaerp.step_definitions.LogOutStepDef_B32G20_136_Tatiana.user_click_log_out_button()
  Then user should lands on log in page again                                                                          # com.twiliaerp.step_definitions.LogOutStepDef_B32G20_136_Tatiana.user_should_lands_on_log_in_page_again()

@logout
Scenario Outline: AC2:Verify that the user can see 5 options under the profile name. # src/test/resources/features/LogOut_B32G20_136_Tatiana.feature:33
  And user click account name tab                                                                                                                    # com.twiliaerp.step_definitions.LogOutStepDef_B32G20_136_Tatiana.user_click_account_name_tab()
  When user clicks ---> @After: RUNNING AFTER EACH SCENARIO
]]></system-out>
    <system-err><![CDATA[Mar 23, 2024 5:33:11 PM org.openqa.selenium.devtools.CdpVersionFinder findNearestMatch
WARNING: Unable to find an exact match for CDP version 123, returning the closest version; found: 120; Please update to a Selenium version that supports CDP version 123
]]></system-err>
  </testcase>
  <testcase name="AC1: Verify the “Odoo Documentation” message is displayed in a new window after clicking Documentation button in the profile menu. #3" classname="Documentation Page functionality" time="22.07">
    <error message="The step &apos;user clicks &quot;Documentation&quot; button&apos; and 1 other step(s) are undefined.&#10;You can implement these steps using the snippet(s) below:&#10;&#10;@When(&quot;user clicks {string} button&quot;)&#10;public void user_clicks_button(String string) {&#10;    // Write code here that turns the phrase above into concrete actions&#10;    throw new io.cucumber.java.PendingException();&#10;}&#10;@Then(&quot;user should see “Odoo Documentation” message in a new window&quot;)&#10;public void user_should_see_odoo_documentation_message_in_a_new_window() {&#10;    // Write code here that turns the phrase above into concrete actions&#10;    throw new io.cucumber.java.PendingException();&#10;}&#10;" type="io.cucumber.junit.UndefinedStepException"><![CDATA[io.cucumber.junit.UndefinedStepException: 
The step 'user clicks "Documentation" button' and 1 other step(s) are undefined.
You can implement these steps using the snippet(s) below:

@When("user clicks {string} button")
public void user_clicks_button(String string) {
    // Write code here that turns the phrase above into concrete actions
    throw new io.cucumber.java.PendingException();
}
@Then("user should see “Odoo Documentation” message in a new window")
public void user_should_see_odoo_documentation_message_in_a_new_window() {
    // Write code here that turns the phrase above into concrete actions
    throw new io.cucumber.java.PendingException();
}

]]></error>
    <system-out><![CDATA[---> @Before: RUNNING BEFORE EACH SCENARIO 
"Documentation" button
  Then user should see “Odoo Documentation” message in a new window

Scenario Outline: AC1: Verify the “Odoo Documentation” message is displayed in a new window after clicking Documentation button in the profile menu. # src/test/resources/features/Documentation_B32G20-144_Buse.feature:18
  Given user is on the "https://qa.twiliaerp.com/web/login" page                            # com.twiliaerp.step_definitions.Login_stepDefs_B32G20_135_Rana.userIsOnThePage(java.lang.String)
  When user clicks Repairs title and land on the page successfully                                                 # com.twiliaerp.step_definitions.RepairsPage_StepDef_B32G20_142_Buse.user_clicks_repairs_title_and_land_on_the_page_successfully()
  Then user verify there are these columns to show the detail of the repair orders on the page                     # com.twiliaerp.step_definitions.RepairsPage_StepDef_B32G20_142_Buse.user_verify_there_are_these_columns_to_show_the_detail_of_the_repair_orders_on_the_page(java.util.List<java.lang.String>)
    | Repair Reference    |
    | Product to Repair   |
    | Customer            |
    | Delivery Address    |
    | Warranty Expiration |
    | Status              |

@B32G20-165 @B32G20-163
Scenario Outline: AC1:Verify there are 6 columns to show the details of the repair orders on the Repairs page when # src/test/resources/features/RepairsPage_B32G20_142_Buse.feature:26
  When user enters valid "posmanager12@info.com" and invalid "inventorymanager"             # com.twiliaerp.step_definitions.Login_stepDefs_B32G20_135_Rana.userEntersValidAndInvalid(java.lang.String,java.lang.String)
  Then verify "Wrong login/password" message displayed                                      # com.twiliaerp.step_definitions.Login_stepDefs_B32G20_135_Rana.verify_message_displayed(java.lang.String)

@B32G20-170 @B32G20-168 @InvalidPassword
Scenario Outline: US01_Verify that the user cannot log in with invalid password credentials # src/test/resources/features/Login_B32G20-135_Rana.feature:38
  When user clicks Sales title and land on the page successfully                                                                              # com.twiliaerp.step_definitions.SalesPageStepDef_B32G20_141_Buse.user_clicks_sales_title_and_land_on_the_page_successfully()
  Then user should see these below titles on the list                                                                                         # com.twiliaerp.step_definitions.SalesPageStepDef_B32G20_141_Buse.user_should_see_these_on_the_list(java.util.List<java.lang.String>)
    | Quotation Number |
    | Quotation Date   |
    | Customer         |
    | Salesperson      |
    | Total            |
    | Status           |

@B32G20-159 @B32G20-157
Scenario Outline: AC1:Verify there are 6 columns which shows the details of quotations on the Sales page when the POS & Sales Managers login. # src/test/resources/features/SalesPage_B32G20_141_Busee.feature:20
  Then user should be able to login and land on the Discuss page. # com.twiliaerp.step_definitions.CreateEvent_step_def.user_should_be_able_to_login_and_land_on_the_discuss_page()
      org.openqa.selenium.NoSuchElementException: no such element: Unable to locate element: {"method":"xpath","selector":"//button[.='Log in']"}
  (Session info: chrome=123.0.6312.58)
For documentation on this error, please visit: https://www.selenium.dev/documentation/webdriver/troubleshooting/errors#no-such-element-exception
Build info: version: '4.16.1', revision: '9b4c83354e'
System info: os.name: 'Mac OS X', os.arch: 'x86_64', os.version: '11.5', java.version: '11.0.12'
Driver info: org.openqa.selenium.chrome.ChromeDriver
Command: [8869f7e841d89a86c466de4d72a898f8, findElement {using=xpath, value=//button[.='Log in']}]
Capabilities {acceptInsecureCerts: false, browserName: chrome, browserVersion: 123.0.6312.58, chrome: {chromedriverVersion: 123.0.6312.58 (6b4b19e9dfbb..., userDataDir: /var/folders/s1/2g71bq194ql...}, fedcm:accounts: true, goog:chromeOptions: {debuggerAddress: localhost:51723}, networkConnectionEnabled: false, pageLoadStrategy: normal, platformName: mac, proxy: Proxy(), se:cdp: ws://localhost:51723/devtoo..., se:cdpVersion: 123.0.6312.58, setWindowRect: true, strictFileInteractability: false, timeouts: {implicit: 0, pageLoad: 300000, script: 30000}, unhandledPromptBehavior: dismiss and notify, webauthn:extension:credBlob: true, webauthn:extension:largeBlob: true, webauthn:extension:minPinLength: true, webauthn:extension:prf: true, webauthn:virtualAuthenticators: true}
Session ID: 8869f7e841d89a86c466de4d72a898f8
	at java.base/jdk.internal.reflect.NativeConstructorAccessorImpl.newInstance0(Native Method)
	at java.base/jdk.internal.reflect.NativeConstructorAccessorImpl.newInstance(NativeConstructorAccessorImpl.java:62)
	at java.base/jdk.internal.reflect.DelegatingConstructorAccessorImpl.newInstance(DelegatingConstructorAccessorImpl.java:45)
	at java.base/java.lang.reflect.Constructor.newInstance(Constructor.java:490)
	at org.openqa.selenium.remote.codec.w3c.W3CHttpResponseCodec.createException(W3CHttpResponseCodec.java:200)
	at org.openqa.selenium.remote.codec.w3c.W3CHttpResponseCodec.decode(W3CHttpResponseCodec.java:133)
	at org.openqa.selenium.remote.codec.w3c.W3CHttpResponseCodec.decode(W3CHttpResponseCodec.java:52)
	at org.openqa.selenium.remote.HttpCommandExecutor.execute(HttpCommandExecutor.java:191)
	at org.openqa.selenium.remote.service.DriverCommandExecutor.invokeExecute(DriverCommandExecutor.java:200)
	at org.openqa.selenium.remote.service.DriverCommandExecutor.execute(DriverCommandExecutor.java:175)
	at org.openqa.selenium.remote.RemoteWebDriver.execute(RemoteWebDriver.java:523)
	at org.openqa.selenium.remote.ElementLocation$ElementFinder$2.findElement(ElementLocation.java:165)
	at org.openqa.selenium.remote.ElementLocation.findElement(ElementLocation.java:59)
	at org.openqa.selenium.remote.RemoteWebDriver.findElement(RemoteWebDriver.java:360)
	at org.openqa.selenium.remote.RemoteWebDriver.findElement(RemoteWebDriver.java:354)
	at org.openqa.selenium.support.pagefactory.DefaultElementLocator.findElement(DefaultElementLocator.java:68)
	at org.openqa.selenium.support.pagefactory.internal.LocatingElementHandler.invoke(LocatingElementHandler.java:38)
	at com.sun.proxy.$Proxy22.click(Unknown Source)
	at com.twiliaerp.step_definitions.CreateEvent_step_def.user_should_be_able_to_login_and_land_on_the_discuss_page(CreateEvent_step_def.java:29)
	at ✽.user should be able to login and land on the Discuss page.(file:///Users/buseayvedi/IdeaProjects/B32G20-AutomationProject/src/test/resources/features/createEvent.feature:7)

  When user goes to calendar and clicks on created event.         # com.twiliaerp.step_definitions.CreateEvent_step_def.user_goes_to_calendar_and_clicks_on_any_created_event()
  Then user can see details of created event.                     # com.twiliaerp.step_definitions.CreateEvent_step_def.user_can_see_details_of_created_event()
  Given user is on the "https://qa.twiliaerp.com/web/login" page                            # com.twiliaerp.step_definitions.Login_stepDefs_B32G20_135_Rana.userIsOnThePage(java.lang.String)
  When user enters valid "expensesmanager77@info.com" and invalid "salesmanager"            # com.twiliaerp.step_definitions.Login_stepDefs_B32G20_135_Rana.userEntersValidAndInvalid(java.lang.String,java.lang.String)
  Then verify "Wrong login/password" message displayed                                      # com.twiliaerp.step_definitions.Login_stepDefs_B32G20_135_Rana.verify_message_displayed(java.lang.String)

@B32G20-170 @B32G20-169 @BlankFieldVerification
Scenario: US01_Verify user gets "Please fill out this filed" message for blank fields # src/test/resources/features/Login_B32G20-135_Rana.feature:42
  Given user login successfully with valid credentials "posmanager", 5               # com.twiliaerp.step_definitions.SalesPageStepDef_B32G20_141_Buse.user_login_successfully_with_valid_credentials(java.lang.String,int)
  Given user login successfully with valid credentials "salesmanager", 2                                                                             # com.twiliae---> @After: RUNNING AFTER EACH SCENARIO
]]></system-out>
    <system-err><![CDATA[Mar 23, 2024 5:33:39 PM org.openqa.selenium.devtools.CdpVersionFinder findNearestMatch
WARNING: Unable to find an exact match for CDP version 123, returning the closest version; found: 120; Please update to a Selenium version that supports CDP version 123
]]></system-err>
  </testcase>
  <testcase name="AC1: Verify the “Odoo Documentation” message is displayed in a new window after clicking Documentation button in the profile menu. #4" classname="Documentation Page functionality" time="63.099">
    <error message="Expected condition failed: waiting for visibility of Proxy element for: DefaultElementLocator &apos;By.cssSelector: a[href=&apos;/web#menu_id=445&amp;action=&apos;]&apos; (tried for 20 second(s) with 500 milliseconds interval)" type="org.openqa.selenium.TimeoutException"><![CDATA[org.openqa.selenium.TimeoutException: Expected condition failed: waiting for visibility of Proxy element for: DefaultElementLocator 'By.cssSelector: a[href='/web#menu_id=445&action=']' (tried for 20 second(s) with 500 milliseconds interval)
Caused by: org.openqa.selenium.NoSuchElementException: 
no such element: Unable to locate element: {"method":"css selector","selector":"a[href='/web#menu_id=445&action=']"}
  (Session info: chrome=123.0.6312.58)
For documentation on this error, please visit: https://www.selenium.dev/documentation/webdriver/troubleshooting/errors#no-such-element-exception
Build info: version: '4.16.1', revision: '9b4c83354e'
System info: os.name: 'Mac OS X', os.arch: 'x86_64', os.version: '11.5', java.version: '11.0.12'
Driver info: org.openqa.selenium.chrome.ChromeDriver
Command: [bd5ab9d89db08312f33394a774e6922a, findElement {using=css selector, value=a[href='/web#menu_id=445&action=']}]
Capabilities {acceptInsecureCerts: false, browserName: chrome, browserVersion: 123.0.6312.58, chrome: {chromedriverVersion: 123.0.6312.58 (6b4b19e9dfbb..., userDataDir: /var/folders/s1/2g71bq194ql...}, fedcm:accounts: true, goog:chromeOptions: {debuggerAddress: localhost:51935}, networkConnectionEnabled: false, pageLoadStrategy: normal, platformName: mac, proxy: Proxy(), se:cdp: ws://localhost:51935/devtoo..., se:cdpVersion: 123.0.6312.58, setWindowRect: true, strictFileInteractability: false, timeouts: {implicit: 0, pageLoad: 300000, script: 30000}, unhandledPromptBehavior: dismiss and notify, webauthn:extension:credBlob: true, webauthn:extension:largeBlob: true, webauthn:extension:minPinLength: true, webauthn:extension:prf: true, webauthn:virtualAuthenticators: true}
Session ID: bd5ab9d89db08312f33394a774e6922a
]]></error>
    <system-out><![CDATA[---> @Before: RUNNING BEFORE EACH SCENARIO 
String,java.lang.String,java.lang.String,java.lang.String,java.lang.String)

@B32G20-159 @B32G20-158
Scenario Outline: AC2: Verify user can see the result on the list when searching with Quotation Number data.                       # src/test/resources/features/SalesPage_B32G20_141_Busee.feature:35
  Given user login successfully with valid credentials "inventorymanager", 65                                                                        # com.twiliaerp.step_definitions.SalesPageStepDef_B32G20_141_Buse.user_login_successfully_with_valid_credentials(java.lang.String,int)
      org.openqa.selenium.TimeoutException: Expected condition failed: waiting for visibility of Proxy element for: DefaultElementLocator 'By.cssSelector: a[href='/web#menu_id=445&action=']' (tried for 20 second(s) with 500 milliseconds interval)
	at org.openqa.selenium.support.ui.WebDriverWait.timeoutException(WebDriverWait.java:84)
	at org.openqa.selenium.support.ui.FluentWait.until(FluentWait.java:229)
	at com.twiliaerp.page.BasePage_US01_Buse.loginWithExcelFileCredentials(BasePage_US01_Buse.java:85)
	at com.twiliaerp.step_definitions.SalesPageStepDef_B32G20_141_Buse.user_login_successfully_with_valid_credentials(SalesPageStepDef_B32G20_141_Buse.java:27)
	at ✽.user login successfully with valid credentials "inventorymanager", 65(file:///Users/buseayvedi/IdeaProjects/B32G20-AutomationProject/src/test/resources/features/Documentation_B32G20-144_Buse.feature:9)
Caused by: org.openqa.selenium.NoSuchElementException: no such element: Unable to locate element: {"method":"css selector","selector":"a[href='/web#menu_id=445&action=']"}
  (Session info: chrome=123.0.6312.58)
For documentation on this error, please visit: https://www.selenium.dev/documentation/webdriver/troubleshooting/errors#no-such-element-exception
Build info: version: '4.16.1', revision: '9b4c83354e'
System info: os.name: 'Mac OS X', os.arch: 'x86_64', os.version: '11.5', java.version: '11.0.12'
Driver info: org.openqa.selenium.chrome.ChromeDriver
Command: [bd5ab9d89db08312f33394a774e6922a, findElement {using=css selector, value=a[href='/web#menu_id=445&action=']}]
Capabilities {acceptInsecureCerts: false, browserName: chrome, browserVersion: 123.0.6312.58, chrome: {chromedriverVersion: 123.0.6312.58 (6b4b19e9dfbb..., userDataDir: /var/folders/s1/2g71bq194ql...}, fedcm:accounts: true, goog:chromeOptions: {debuggerAddress: localhost:51935}, networkConnectionEnabled: false, pageLoadStrategy: normal, platformName: mac, proxy: Proxy(), se:cdp: ws://localhost:51935/devtoo..., se:cdpVersion: 123.0.6312.58, setWindowRect: true, strictFileInteractability: false, timeouts: {implicit: 0, pageLoad: 300000, script: 30000}, unhandledPromptBehavior: dismiss and notify, webauthn:extension:credBlob: true, webauthn:extension:largeBlob: true, webauthn:extension:minPinLength: true, webauthn:extension:prf: true, webauthn:virtualAuthenticators: true}
Session ID: bd5ab9d89db08312f33394a774e6922a
	at java.base/jdk.internal.reflect.NativeConstructorAccessorImpl.newInstance0(Native Method)
	at java.base/jdk.internal.reflect.NativeConstructorAccessorImpl.newInstance(NativeConstructorAccessorImpl.java:62)
	at java.base/jdk.internal.reflect.DelegatingConstructorAccessorImpl.newInstance(DelegatingConstructorAccessorImpl.java:45)
	at java.base/java.lang.reflect.Constructor.newInstance(Constructor.java:490)
	at org.openqa.selenium.remote.codec.w3c.W3CHttpResponseCodec.createException(W3CHttpResponseCodec.java:200)
	at org.openqa.selenium.remote.codec.w3c.W3CHttpResponseCodec.decode(W3CHttpResponseCodec.java:133)
	at org.openqa.selenium.remote.codec.w3c.W3CHttpResponseCodec.decode(W3CHttpResponseCodec.java:52)
	at org.openqa.selenium.remote.HttpCommandExecutor.execute(HttpCommandExecutor.java:191)
	at org.openqa.selenium.remote.service.DriverCommandExecutor.invokeExecute(DriverCommandExecutor.java:200)
	at org.openqa.selenium.remote.service.DriverCommandExecutor.execute(DriverCommandExecutor.java:175)
	at org.openqa.selenium.remote.RemoteWebDriver.execute(RemoteWebDriver.java:523)
	at org.openqa.selenium.remote.ElementLocation$ElementFinder$2.findElement(ElementLocation.java:165)
	at org.openqa.selenium.remote.ElementLocation.findElement(ElementLocation.java:59)
	at org.openqa.selenium.remote.RemoteWebDriver.findElement(RemoteWebDriver.java:360)
	at org.openqa.selenium.remote.RemoteWebDriver.findElement(RemoteWebDriver.java:354)
	at org.openqa.selenium.support.pagefactory.DefaultElementLocator.findElement(DefaultElementLocator.java:68)
	at org.openqa.selenium.support.pagefactory.internal.LocatingElementHandler.invoke(LocatingElementHandler.java:38)
	at com.sun.proxy.$Proxy22.isDisplayed(Unknown Source)
	at org.openqa.selenium.support.ui.ExpectedConditions.elementIfVisible(ExpectedConditions.java:304)
	at org.openqa.selenium.support.ui.ExpectedConditions$10.apply(ExpectedConditions.java:290)
	at org.openqa.selenium.support.ui.ExpectedConditions$10.apply(ExpectedConditions.java:287)
	at org.openqa.selenium.support.ui.FluentWait.until(FluentWait.java:204)
	at com.twiliaerp.page.BasePage_US01_Buse.loginWithExcelFileCredentials(BasePage_US01_Buse.java:85)
	at com.twiliaerp.step_definitions.SalesPageStepDef_B32G20_141_Buse.user_login_successfully_with_valid_credentials(SalesPageStepDef_B32G20_141_Buse.java:27)
	at java.base/jdk.internal.reflect.NativeMethodAccessorImpl.invoke0(Native Method)
	at java.base/jdk.internal.reflect.NativeMethodAccessorImpl.invoke(NativeMethodAccessorImpl.java:62)
	at java.base/jdk.internal.reflect.DelegatingMethodAccessorImpl.invoke(DelegatingMethodAccessorImpl.java:43)
	at java.base/java.lang.reflect.Method.invoke(Method.java:566)
	at io.cucumber.java.Invoker.doInvoke(Invoker.java:66)
	at io.cucumber.java.Invoker.invoke(Invoker.java:24)
	at io.cucumber.java.AbstractGlueDefinition.invokeMethod(AbstractGlueDefinition.java:47)
	at io.cucumber.java.JavaStepDefinition.execute(JavaStepDefinition.java:29)
	at io.cucumber.core.runner.CoreStepDefinition.execute(CoreStepDefinition.java:66)
	at io.cucumber.core.runner.PickleStepDefinitionMatch.runStep(PickleStepDefinitionMatch.java:63)
	at io.cucumber.core.runner.ExecutionMode$1.execute(ExecutionMode.java:10)
	at io.cucumber.core.runner.TestStep.executeStep(TestStep.java:85)
	at io.cucumber.core.runner.TestStep.run(TestStep.java:57)
	at io.cucumber.core.runner.PickleStepTestStep.run(PickleStepTestStep.java:51)
	at io.cucumber.core.runner.TestCase.run(TestCase.java:84)
	at io.cucumber.core.runner.Runner.runPickle(Runner.java:75)
	at io.cucumber.junit.PickleRunners$NoStepDescriptions.lambda$run$0(PickleRunners.java:151)
	at io.cucumber.core.runtime.CucumberExecutionContext.lambda$runTestCase$5(CucumberExecutionContext.java:129)
	at io.cucumber.core.runtime.RethrowingThrowableCollector.executeAndThrow(RethrowingThrowableCollector.java:23)
	at io.cucumber.core.runtime.CucumberExecutionContext.runTestCase(CucumberExecutionContext.java:129)
	at io.cucumber.junit.PickleRunners$NoStepDescriptions.run(PickleRunners.java:148)
	at io.cucumber.junit.FeatureRunner.runChild(FeatureRunner.java:144)
	at io.cucumber.junit.FeatureRunner.runChild(FeatureRunner.java:28)
	at org.junit.runners.ParentRunner$4.run(ParentRunner.java:331)
	at org.junit.runners.ParentRunner$1.schedule(ParentRunner.java:79)
	at org.junit.runners.ParentRunner.runChildren(ParentRunner.java:329)
	at org.junit.runners.ParentRunner.access$100(ParentRunner.java:66)
	at org.junit.runners.ParentRunner$2.evaluate(ParentRunner.java:293)
	at org.junit.runners.ParentRunner$3.evaluate(ParentRunner.java:306)
	at org.junit.runners.ParentRunner.run(ParentRunner.java:413)
	at io.cucumber.junit.FeatureRunner.run(FeatureRunner.java:137)
	at io.cucumber.junit.Cucumber.runChild(Cucumber.java:196)
	at io.cucumber.junit.Cucumber.runChild(Cucumber.java:89)
	at org.junit.runners.ParentRunner$4.run(ParentRunner.java:331)
	at org.apache.maven.surefire.junitcore.pc.Scheduler$1.run(Scheduler.java:405)
	at java.base/java.util.concurrent.Executors$RunnableAdapter.call(Executors.java:515)
	at java.base/java.util.concurrent.FutureTask.run(FutureTask.java:264)
	at java.base/java.util.concurrent.ThreadPoolExecutor.runWorker(ThreadPoolExecutor.java---> @After: RUNNING AFTER EACH SCENARIO
]]></system-out>
    <system-err><![CDATA[Mar 23, 2024 5:34:01 PM org.openqa.selenium.devtools.CdpVersionFinder findNearestMatch
WARNING: Unable to find an exact match for CDP version 123, returning the closest version; found: 120; Please update to a Selenium version that supports CDP version 123
]]></system-err>
  </testcase>
  <testcase name="AC1: Verify the “Odoo Documentation” message is displayed in a new window after clicking Documentation button in the profile menu. #5" classname="Documentation Page functionality" time="59.285">
    <error message="Expected condition failed: waiting for visibility of Proxy element for: DefaultElementLocator &apos;By.cssSelector: a[href=&apos;/web#menu_id=445&amp;action=&apos;]&apos; (tried for 20 second(s) with 500 milliseconds interval)" type="org.openqa.selenium.TimeoutException"><![CDATA[org.openqa.selenium.TimeoutException: Expected condition failed: waiting for visibility of Proxy element for: DefaultElementLocator 'By.cssSelector: a[href='/web#menu_id=445&action=']' (tried for 20 second(s) with 500 milliseconds interval)
Caused by: org.openqa.selenium.NoSuchElementException: 
no such element: Unable to locate element: {"method":"css selector","selector":"a[href='/web#menu_id=445&action=']"}
  (Session info: chrome=123.0.6312.58)
For documentation on this error, please visit: https://www.selenium.dev/documentation/webdriver/troubleshooting/errors#no-such-element-exception
Build info: version: '4.16.1', revision: '9b4c83354e'
System info: os.name: 'Mac OS X', os.arch: 'x86_64', os.version: '11.5', java.version: '11.0.12'
Driver info: org.openqa.selenium.chrome.ChromeDriver
Command: [135132bed0623ad90866c18c4f88204c, findElement {using=css selector, value=a[href='/web#menu_id=445&action=']}]
Capabilities {acceptInsecureCerts: false, browserName: chrome, browserVersion: 123.0.6312.58, chrome: {chromedriverVersion: 123.0.6312.58 (6b4b19e9dfbb..., userDataDir: /var/folders/s1/2g71bq194ql...}, fedcm:accounts: true, goog:chromeOptions: {debuggerAddress: localhost:52102}, networkConnectionEnabled: false, pageLoadStrategy: normal, platformName: mac, proxy: Proxy(), se:cdp: ws://localhost:52102/devtoo..., se:cdpVersion: 123.0.6312.58, setWindowRect: true, strictFileInteractability: false, timeouts: {implicit: 0, pageLoad: 300000, script: 30000}, unhandledPromptBehavior: dismiss and notify, webauthn:extension:credBlob: true, webauthn:extension:largeBlob: true, webauthn:extension:minPinLength: true, webauthn:extension:prf: true, webauthn:virtualAuthenticators: true}
Session ID: 135132bed0623ad90866c18c4f88204c
]]></error>
    <system-out><![CDATA[---> @Before: RUNNING BEFORE EACH SCENARIO 
:1128)
	at java.base/java.util.concurrent.ThreadPoolExecutor$Worker.run(ThreadPoolExecutor.java:628)
	at java.base/java.lang.Thread.run(Thread.java:834)

  And user click account name tab                                                                                                                    # com.twiliaerp.step_definitions.LogOutStepDef_B32G20_136_Tatiana.user_click_account_name_tab()
  When user clicks "Documentation" button
  Then user should see “Odoo Documentation” message in a new window

Scenario Outline: AC1: Verify the “Odoo Documentation” message is displayed in a new window after clicking Documentation button in the profile menu. # src/test/resources/features/Documentation_B32G20-144_Buse.feature:20
  Given user login successfully with valid credentials "salesmanager", 2                                                                            # com.twiliaerp.step_definitions.SalesPageStepDef_B32G20_141_Buse.user_login_successfully_with_valid_credentials(java.lang.String,int)
  When user clicks Repairs title and land on the page successfully                                                                                  # com.twiliaerp.step_definitions.RepairsPage_StepDef_B32G20_142_Buse.user_clicks_repairs_title_and_land_on_the_page_successfully()
  Given user login successfully with valid credentials "salesmanager", 2                                                           # com.twiliaerp.step_definitions.SalesPageStepDef_B32G20_141_Buse.user_login_successfully_with_valid_credentials(java.lang.String,int)
  When user enters "RN" in the search box on the Repairs page and hit the enter key                                                                 # com.twiliaerp.step_definitions.RepairsPage_StepDef_B32G20_142_Buse.user_enters_in_the_search_box_on_the_repairs_page_and_hit_the_enter_key(java.lang.String)
  Then user should see the result on the Repair Order list : "RN","iPhone X","ASUSTeK, James Miller","ASUSTeK, Peter Mitchell","","Ready to Repair" # com.twiliaerp.step_definitions.RepairsPage_StepDef_B32G20_142_Buse.user_should_see_the_result_on_the_repair_order_list(java.lang.String,java.lang.String,java.lang.String,java.lang.String,java.lang.String,java.lang.String)

@B32G20-165 @B32G20-164
Scenario Outline: AC2: Verify user can see the result on the list when searching with Repair Reference data. # src/test/resources/features/RepairsPage_B32G20_142_Buse.feature:46
  When user clicks Sales title and land on the page successfully                                                                   # com.twiliaerp.step_definitions.SalesPageStepDef_B32G20_141_Buse.user_clicks_sales_title_and_land_on_the_page_successfully()
  When user enters "SO811" in the search box and hit the enter key                                                                 # com.twiliaerp.step_definitions.SalesPageStepDef_B32G20_141_Buse.user_enters_in_the_search_box_and_hit_the_enter_key(java.lang.String)
  Then user should see the result on the list : "SO811","06/19/2019 15:55:12","Al banana","EventsCRM_User3","$ 1.00","Sales Order" # com.twiliaerp.step_definitions.SalesPageStepDef_B32G20_141_Buse.user_should_see_the_result_on_the_list(java.lang.String,java.lang.String,java.lang.String,java.lang.String,java.lang.String,java.lang.String)

@B32G20-159 @B32G20-158
Scenario Outline: AC2: Verify user can see the result on the list when searching with Quotation Number data.     # src/test/resources/features/SalesPage_B32G20_141_Busee.feature:36
  Given user login successfully with valid credentials "salesmanager", 65                                    # com.twiliaerp.step_definitions.SalesPageStepDef_B32G20_141_Buse.user_login_successfully_with_valid_credentials(java.lang.String,int)
  When user clicks Repairs title and land on the page successfully                                           # com.twiliaerp.step_definitions.RepairsPage_StepDef_B32G20_142_Buse.user_clicks_repairs_title_and_land_on_the_page_successfully()
  Given user login successfully with valid credentials "salesmanager", 65                                        # com.twiliaerp.step_definitions.SalesPageStepDef_B32G20_141_Buse.user_login_successfully_with_valid_credentials(java.lang.String,int)
  When user clicks Sales title and land on the page successfully                                                 # com.twiliaerp.step_definitions.SalesPageStepDef_B32G20_141_Buse.user_clicks_sales_title_and_land_on_the_page_successfully()
  When user enters "RMA/00302" in the search box on the Repairs page and hit the enter key                   # com.twiliaerp.step_definitions.RepairsPage_StepDef_B32G20_142_Buse.user_enters_in_the_search_box_on_the_repairs_page_and_hit_the_enter_key(java.lang.String)
  Then user should see the result on the Repair Order list : "RMA/00302","iPhone X","","","","Confirmed"     # com.twiliaerp.step_definitions.RepairsPage_StepDef_B32G20_142_Buse.user_should_see_the_result_on_the_repair_order_list(java.lang.String,java.lang.String,java.lang.String,java.lang.String,java.lang.String,java.lang.String)
  When user enters "SO056" in the search box and hit the enter key                                               # com.twiliaerp.step_definitions.SalesPageStepDef_B32G20_141_Buse.user_enters_in_the_search_box_and_hit_the_enter_key(java.lang.String)
  Then user should see the result on the list : "SO056","01/21/2019 00:50:20","POSUser2","","$ 4.18","Quotation" # com.twiliaerp.step_definitions.SalesPageStepDef_B32G20_141_Buse.user_should_see_the_result_on_the_list(java.lang.String,java.lang.String,java.lang.String,java.lang.String,java.lang.String,java.lang.String)
  Given user login successfully with valid credentials "expensesmanager", 50                                                                         # com.twiliaerp.step_definitions.SalesPageStepDef_B32G20_141_Buse.user_login_successfully_with_valid_credentials(java.lang.String,int)
      org.openqa.selenium.TimeoutException: Expected condition failed: waiting for visibility of Proxy element for: DefaultElementLocator 'By.cssSelector: a[href='/web#menu_id=445&action=']' (tried for 20 second(s) with 500 milliseconds interval)
	at org.openqa.selenium.support.ui.WebDriverWait.timeoutException(WebDriverWait.java:84)
	at org.openqa.selenium.support.ui.FluentWait.until(FluentWait.java:229)
	at com.twiliaerp.page.BasePage_US01_Buse.loginWithExcelFileCredentials(BasePage_US01_Buse.java:85)
	at com.twiliaerp.step_definitions.SalesPageStepDef_B32G20_141_Buse.user_login_successfully_with_valid_credentials(SalesPageStepDef_B32G20_141_Buse.java:27)
	at ✽.user login successfully with valid credentials "expensesmanager", 50(file:///Users/buseayvedi/IdeaProjects/B32G20-AutomationProject/src/test/resources/features/Documentation_B32G20-144_Buse.feature:9)
Caused by: org.openqa.selenium.NoSuchElementException: no such element: Unable to locate element: {"method":"css selector","selector":"a[href='/web#menu_id=445&action=']"}
  (Session info: chrome=123.0.6312.58)
For documentation on this error, please visit: https://www.selenium.dev/documentation/webdriver/troubleshooting/errors#no-such-element-exception
Build info: version: '4.16.1', revision: '9b4c83354e'
System info: os.name: 'Mac OS X', os.arch: 'x86_64', os.version: '11.5', java.version: '11.0.12'
Driver info: org.openqa.selenium.chrome.ChromeDriver
Command: [135132bed0623ad90866c18c4f88204c, findElement {using=css selector, value=a[href='/web#menu_id=445&action=']}]
Capabilities {acceptInsecureCerts: false, browserName: chrome, browserVersion: 123.0.6312.58, chrome: {chromedriverVersion: 123.0.6312.58 (6b4b19e9dfbb..., userDataDir: /var/folders/s1/2g71bq194ql...}, fedcm:accounts: true, goog:chromeOptions: {debuggerAddress: localhost:52102}, networkConnectionEnabled: false, pageLoadStrategy: normal, platformName: mac, proxy: Proxy(), se:cdp: ws://localhost:52102/devtoo..., se:cdpVersion: 123.0.6312.58, setWindowRect: true, strictFileInteractability: false, timeouts: {implicit: 0, pageLoad: 300000, script: 30000}, unhandledPromptBehavior: dismiss and notify, webauthn:extension:credBlob: true, webauthn:extension:largeBlob: true, webauthn:extension:mi---> @After: RUNNING AFTER EACH SCENARIO
]]></system-out>
    <system-err><![CDATA[Mar 23, 2024 5:35:04 PM org.openqa.selenium.devtools.CdpVersionFinder findNearestMatch
WARNING: Unable to find an exact match for CDP version 123, returning the closest version; found: 120; Please update to a Selenium version that supports CDP version 123
]]></system-err>
  </testcase>
  <testcase name="AC2: Verify that 4 main document topics (User Docs, Install and Maintain, Developer, Contribute) are listed in Odoo Documentation. #1" classname="Documentation Page functionality" time="12.166">
    <error message="The step &apos;user clicks &quot;Documentation&quot; button&apos; and 1 other step(s) are undefined.&#10;You can implement these steps using the snippet(s) below:&#10;&#10;@When(&quot;user clicks {string} button&quot;)&#10;public void user_clicks_button(String string) {&#10;    // Write code here that turns the phrase above into concrete actions&#10;    throw new io.cucumber.java.PendingException();&#10;}&#10;@Then(&quot;user should see these main document topics:&quot;)&#10;public void user_should_see_these_main_document_topics(io.cucumber.datatable.DataTable dataTable) {&#10;    // Write code here that turns the phrase above into concrete actions&#10;    // For automatic transformation, change DataTable to one of&#10;    // E, List&lt;E&gt;, List&lt;List&lt;E&gt;&gt;, List&lt;Map&lt;K,V&gt;&gt;, Map&lt;K,V&gt; or&#10;    // Map&lt;K, List&lt;V&gt;&gt;. E,K,V must be a String, Integer, Float,&#10;    // Double, Byte, Short, Long, BigInteger or BigDecimal.&#10;    //&#10;    // For other transformations you can register a DataTableType.&#10;    throw new io.cucumber.java.PendingException();&#10;}&#10;" type="io.cucumber.junit.UndefinedStepException"><![CDATA[io.cucumber.junit.UndefinedStepException: 
The step 'user clicks "Documentation" button' and 1 other step(s) are undefined.
You can implement these steps using the snippet(s) below:

@When("user clicks {string} button")
public void user_clicks_button(String string) {
    // Write code here that turns the phrase above into concrete actions
    throw new io.cucumber.java.PendingException();
}
@Then("user should see these main document topics:")
public void user_should_see_these_main_document_topics(io.cucumber.datatable.DataTable dataTable) {
    // Write code here that turns the phrase above into concrete actions
    // For automatic transformation, change DataTable to one of
    // E, List<E>, List<List<E>>, List<Map<K,V>>, Map<K,V> or
    // Map<K, List<V>>. E,K,V must be a String, Integer, Float,
    // Double, Byte, Short, Long, BigInteger or BigDecimal.
    //
    // For other transformations you can register a DataTableType.
    throw new io.cucumber.java.PendingException();
}

]]></error>
    <system-out><![CDATA[---> @Before: RUNNING BEFORE EACH SCENARIO 
---> @After: RUNNING AFTER EACH SCENARIO
]]></system-out>
    <system-err><![CDATA[Mar 23, 2024 5:36:03 PM org.openqa.selenium.devtools.CdpVersionFinder findNearestMatch
WARNING: Unable to find an exact match for CDP version 123, returning the closest version; found: 120; Please update to a Selenium version that supports CDP version 123
]]></system-err>
  </testcase>
  <testcase name="AC2: Verify that 4 main document topics (User Docs, Install and Maintain, Developer, Contribute) are listed in Odoo Documentation. #2" classname="Documentation Page functionality" time="11.512">
    <error message="The step &apos;user clicks &quot;Documentation&quot; button&apos; and 1 other step(s) are undefined.&#10;You can implement these steps using the snippet(s) below:&#10;&#10;@When(&quot;user clicks {string} button&quot;)&#10;public void user_clicks_button(String string) {&#10;    // Write code here that turns the phrase above into concrete actions&#10;    throw new io.cucumber.java.PendingException();&#10;}&#10;@Then(&quot;user should see these main document topics:&quot;)&#10;public void user_should_see_these_main_document_topics(io.cucumber.datatable.DataTable dataTable) {&#10;    // Write code here that turns the phrase above into concrete actions&#10;    // For automatic transformation, change DataTable to one of&#10;    // E, List&lt;E&gt;, List&lt;List&lt;E&gt;&gt;, List&lt;Map&lt;K,V&gt;&gt;, Map&lt;K,V&gt; or&#10;    // Map&lt;K, List&lt;V&gt;&gt;. E,K,V must be a String, Integer, Float,&#10;    // Double, Byte, Short, Long, BigInteger or BigDecimal.&#10;    //&#10;    // For other transformations you can register a DataTableType.&#10;    throw new io.cucumber.java.PendingException();&#10;}&#10;" type="io.cucumber.junit.UndefinedStepException"><![CDATA[io.cucumber.junit.UndefinedStepException: 
The step 'user clicks "Documentation" button' and 1 other step(s) are undefined.
You can implement these steps using the snippet(s) below:

@When("user clicks {string} button")
public void user_clicks_button(String string) {
    // Write code here that turns the phrase above into concrete actions
    throw new io.cucumber.java.PendingException();
}
@Then("user should see these main document topics:")
public void user_should_see_these_main_document_topics(io.cucumber.datatable.DataTable dataTable) {
    // Write code here that turns the phrase above into concrete actions
    // For automatic transformation, change DataTable to one of
    // E, List<E>, List<List<E>>, List<Map<K,V>>, Map<K,V> or
    // Map<K, List<V>>. E,K,V must be a String, Integer, Float,
    // Double, Byte, Short, Long, BigInteger or BigDecimal.
    //
    // For other transformations you can register a DataTableType.
    throw new io.cucumber.java.PendingException();
}

]]></error>
    <system-out><![CDATA[---> @Before: RUNNING BEFORE EACH SCENARIO 
---> @After: RUNNING AFTER EACH SCENARIO
]]></system-out>
    <system-err><![CDATA[Mar 23, 2024 5:36:15 PM org.openqa.selenium.devtools.CdpVersionFinder findNearestMatch
WARNING: Unable to find an exact match for CDP version 123, returning the closest version; found: 120; Please update to a Selenium version that supports CDP version 123
]]></system-err>
  </testcase>
  <testcase name="AC2: Verify that 4 main document topics (User Docs, Install and Maintain, Developer, Contribute) are listed in Odoo Documentation. #3" classname="Documentation Page functionality" time="11.354">
    <error message="The step &apos;user clicks &quot;Documentation&quot; button&apos; and 1 other step(s) are undefined.&#10;You can implement these steps using the snippet(s) below:&#10;&#10;@When(&quot;user clicks {string} button&quot;)&#10;public void user_clicks_button(String string) {&#10;    // Write code here that turns the phrase above into concrete actions&#10;    throw new io.cucumber.java.PendingException();&#10;}&#10;@Then(&quot;user should see these main document topics:&quot;)&#10;public void user_should_see_these_main_document_topics(io.cucumber.datatable.DataTable dataTable) {&#10;    // Write code here that turns the phrase above into concrete actions&#10;    // For automatic transformation, change DataTable to one of&#10;    // E, List&lt;E&gt;, List&lt;List&lt;E&gt;&gt;, List&lt;Map&lt;K,V&gt;&gt;, Map&lt;K,V&gt; or&#10;    // Map&lt;K, List&lt;V&gt;&gt;. E,K,V must be a String, Integer, Float,&#10;    // Double, Byte, Short, Long, BigInteger or BigDecimal.&#10;    //&#10;    // For other transformations you can register a DataTableType.&#10;    throw new io.cucumber.java.PendingException();&#10;}&#10;" type="io.cucumber.junit.UndefinedStepException"><![CDATA[io.cucumber.junit.UndefinedStepException: 
The step 'user clicks "Documentation" button' and 1 other step(s) are undefined.
You can implement these steps using the snippet(s) below:

@When("user clicks {string} button")
public void user_clicks_button(String string) {
    // Write code here that turns the phrase above into concrete actions
    throw new io.cucumber.java.PendingException();
}
@Then("user should see these main document topics:")
public void user_should_see_these_main_document_topics(io.cucumber.datatable.DataTable dataTable) {
    // Write code here that turns the phrase above into concrete actions
    // For automatic transformation, change DataTable to one of
    // E, List<E>, List<List<E>>, List<Map<K,V>>, Map<K,V> or
    // Map<K, List<V>>. E,K,V must be a String, Integer, Float,
    // Double, Byte, Short, Long, BigInteger or BigDecimal.
    //
    // For other transformations you can register a DataTableType.
    throw new io.cucumber.java.PendingException();
}

]]></error>
    <system-out><![CDATA[---> @Before: RUNNING BEFORE EACH SCENARIO 
nPinLength: true, webauthn:extension:prf: true, webauthn:virtualAuthenticators: true}
Session ID: 135132bed0623ad90866c18c4f88204c
	at java.base/jdk.internal.reflect.NativeConstructorAccessorImpl.newInstance0(Native Method)
	at java.base/jdk.internal.reflect.NativeConstructorAccessorImpl.newInstance(NativeConstructorAccessorImpl.java:62)
	at java.base/jdk.internal.reflect.DelegatingConstructorAccessorImpl.newInstance(DelegatingConstructorAccessorImpl.java:45)
	at java.base/java.lang.reflect.Constructor.newInstance(Constructor.java:490)
	at org.openqa.selenium.remote.codec.w3c.W3CHttpResponseCodec.createException(W3CHttpResponseCodec.java:200)
	at org.openqa.selenium.remote.codec.w3c.W3CHttpResponseCodec.decode(W3CHttpResponseCodec.java:133)
	at org.openqa.selenium.remote.codec.w3c.W3CHttpResponseCodec.decode(W3CHttpResponseCodec.java:52)
	at org.openqa.selenium.remote.HttpCommandExecutor.execute(HttpCommandExecutor.java:191)
	at org.openqa.selenium.remote.service.DriverCommandExecutor.invokeExecute(DriverCommandExecutor.java:200)
	at org.openqa.selenium.remote.service.DriverCommandExecutor.execute(DriverCommandExecutor.java:175)
	at org.openqa.selenium.remote.RemoteWebDriver.execute(RemoteWebDriver.java:523)
	at org.openqa.selenium.remote.ElementLocation$ElementFinder$2.findElement(ElementLocation.java:165)
	at org.openqa.selenium.remote.ElementLocation.findElement(ElementLocation.java:59)
	at org.openqa.selenium.remote.RemoteWebDriver.findElement(RemoteWebDriver.java:360)
	at org.openqa.selenium.remote.RemoteWebDriver.findElement(RemoteWebDriver.java:354)
	at org.openqa.selenium.support.pagefactory.DefaultElementLocator.findElement(DefaultElementLocator.java:68)
	at org.openqa.selenium.support.pagefactory.internal.LocatingElementHandler.invoke(LocatingElementHandler.java:38)
	at com.sun.proxy.$Proxy22.isDisplayed(Unknown Source)
	at org.openqa.selenium.support.ui.ExpectedConditions.elementIfVisible(ExpectedConditions.java:304)
	at org.openqa.selenium.support.ui.ExpectedConditions$10.apply(ExpectedConditions.java:290)
	at org.openqa.selenium.support.ui.ExpectedConditions$10.apply(ExpectedConditions.java:287)
	at org.openqa.selenium.support.ui.FluentWait.until(FluentWait.java:204)
	at com.twiliaerp.page.BasePage_US01_Buse.loginWithExcelFileCredentials(BasePage_US01_Buse.java:85)
	at com.twiliaerp.step_definitions.SalesPageStepDef_B32G20_141_Buse.user_login_successfully_with_valid_credentials(SalesPageStepDef_B32G20_141_Buse.java:27)
	at jdk.internal.reflect.GeneratedMethodAccessor139.invoke(Unknown Source)
	at java.base/jdk.internal.reflect.DelegatingMethodAccessorImpl.invoke(DelegatingMethodAccessorImpl.java:43)
	at java.base/java.lang.reflect.Method.invoke(Method.java:566)
	at io.cucumber.java.Invoker.doInvoke(Invoker.java:66)
	at io.cucumber.java.Invoker.invoke(Invoker.java:24)
	at io.cucumber.java.AbstractGlueDefinition.invokeMethod(AbstractGlueDefinition.java:47)
	at io.cucumber.java.JavaStepDefinition.execute(JavaStepDefinition.java:29)
	at io.cucumber.core.runner.CoreStepDefinition.execute(CoreStepDefinition.java:66)
	at io.cucumber.core.runner.PickleStepDefinitionMatch.runStep(PickleStepDefinitionMatch.java:63)
	at io.cucumber.core.runner.ExecutionMode$1.execute(ExecutionMode.java:10)
	at io.cucumber.core.runner.TestStep.executeStep(TestStep.java:85)
	at io.cucumber.core.runner.TestStep.run(TestStep.java:57)
	at io.cucumber.core.runner.PickleStepTestStep.run(PickleStepTestStep.java:51)
	at io.cucumber.core.runner.TestCase.run(TestCase.java:84)
	at io.cucumber.core.runner.Runner.runPickle(Runner.java:75)
	at io.cucumber.junit.PickleRunners$NoStepDescriptions.lambda$run$0(PickleRunners.java:151)
	at io.cucumber.core.runtime.CucumberExecutionContext.lambda$runTestCase$5(CucumberExecutionContext.java:129)
	at io.cucumber.core.runtime.RethrowingThrowableCollector.executeAndThrow(RethrowingThrowableCollector.java:23)
	at io.cucumber.core.runtime.CucumberExecutionContext.runTestCase(CucumberExecutionContext.java:129)
	at io.cucumber.junit.PickleRunners$NoStepDescriptions.run(PickleRunners.java:148)
	at io.cucumber.junit.FeatureRunner.runChild(FeatureRunner.java:144)
	at io.cucumber.junit.FeatureRunner.runChild(FeatureRunner.java:28)
	at org.junit.runners.ParentRunner$4.run(ParentRunner.java:331)
	at org.junit.runners.ParentRunner$1.schedule(ParentRunner.java:79)
	at org.junit.runners.ParentRunner.runChildren(ParentRunner.java:329)
	at org.junit.runners.ParentRunner.access$100(ParentRunner.java:66)
	at org.junit.runners.ParentRunner$2.evaluate(ParentRunner.java:293)
	at org.junit.runners.ParentRunner$3.evaluate(ParentRunner.java:306)
	at org.junit.runners.ParentRunner.run(ParentRunner.java:413)
	at io.cucumber.junit.FeatureRunner.run(FeatureRunner.java:137)
	at io.cucumber.junit.Cucumber.runChild(Cucumber.java:196)
	at io.cucumber.junit.Cucumber.runChild(Cucumber.java:89)
	at org.junit.runners.ParentRunner$4.run(ParentRunner.java:331)
	at org.apache.maven.surefire.junitcore.pc.Scheduler$1.run(Scheduler.java:405)
	at java.base/java.util.concurrent.Executors$RunnableAdapter.call(Executors.java:515)
	at java.base/java.util.concurrent.FutureTask.run(FutureTask.java:264)
	at java.base/java.util.concurrent.ThreadPoolExecutor.runWorker(ThreadPoolExecutor.java:1128)
	at java.base/java.util.concurrent.ThreadPoolExecutor$Worker.run(ThreadPoolExecutor.java:628)
	at java.base/java.lang.Thread.run(Thread.java:834)

  And user click account name tab                                                                                                                    # com.twiliaerp.step_definitions.LogOutStepDef_B32G20_136_Tatiana.user_click_account_name_tab()
  When user clicks "Documentation" button
  Then user should see “Odoo Documentation” message in a new window

Scenario Outline: AC2: Verify that 4 main document topics (User Docs, Install and Maintain, Developer, Contribute) are listed in Odoo Documentation. # src/test/resources/features/Documentation_B32G20-144_Buse.feature:34
  Given user login successfully with valid credentials "posmanager", 5                                                                               # com.twiliaerp.step_definitions.SalesPageStepDef_B32G20_141_Buse.user_login_successfully_with_valid_credentials(java.lang.String,int)
  And user click account name tab                                                                                                                    # com.twiliaerp.step_definitions.LogOutStepDef_B32G20_136_Tatiana.user_click_account_name_tab()
  When user clicks "Documentation" button
  Then user should see these main document topics:
    | User Docs            |
    | Install and Maintain |
    | Developer            |
    | Contribute           |

Scenario Outline: AC2: Verify that 4 main document topics (User Docs, Install and Maintain, Developer, Contribute) are listed in Odoo Documentation. # src/test/resources/features/Documentation_B32G20-144_Buse.feature:35
  Given user login successfully with valid credentials "crmmanager", 20                                                                              # com.twiliaerp.step_definitions.SalesPageStepDef_B32G20_141_Buse.user_login_successfully_with_valid_credentials(java.lang.String,int)
  And user click account name tab                                                                                                                    # com.twiliaerp.step_definitions.LogOutStepDef_B32G20_136_Tatiana.user_click_account_name_tab()
  When user clicks "Documentation" button
  Then user should see these main document topics:
    | User Docs            |
    | Install and Maintain |
    | Developer            |
    | Contribute           |

Scenario Outline: AC2: Verify that 4 main document topics (User Docs, Install and Maintain, Developer, Contribute) are listed in Odoo Documentation. # src/test/resources/features/Documentation_B32G20-144_Buse.feature:36
  Given user login successfully with valid credentials "salesmanager", 2                                                                             # com.twiliaerp.step_definitions.SalesPageStepDef_B32G20_141_Buse.user_login_successfully_with_valid_credentials(java.lang.String,int)
  And u---> @After: RUNNING AFTER EACH SCENARIO
]]></system-out>
    <system-err><![CDATA[Mar 23, 2024 5:36:26 PM org.openqa.selenium.devtools.CdpVersionFinder findNearestMatch
WARNING: Unable to find an exact match for CDP version 123, returning the closest version; found: 120; Please update to a Selenium version that supports CDP version 123
]]></system-err>
  </testcase>
  <testcase name="AC2: Verify that 4 main document topics (User Docs, Install and Maintain, Developer, Contribute) are listed in Odoo Documentation. #4" classname="Documentation Page functionality" time="55.514">
    <error message="Expected condition failed: waiting for visibility of Proxy element for: DefaultElementLocator &apos;By.cssSelector: a[href=&apos;/web#menu_id=445&amp;action=&apos;]&apos; (tried for 20 second(s) with 500 milliseconds interval)" type="org.openqa.selenium.TimeoutException"><![CDATA[org.openqa.selenium.TimeoutException: Expected condition failed: waiting for visibility of Proxy element for: DefaultElementLocator 'By.cssSelector: a[href='/web#menu_id=445&action=']' (tried for 20 second(s) with 500 milliseconds interval)
Caused by: org.openqa.selenium.NoSuchElementException: 
no such element: Unable to locate element: {"method":"css selector","selector":"a[href='/web#menu_id=445&action=']"}
  (Session info: chrome=123.0.6312.58)
For documentation on this error, please visit: https://www.selenium.dev/documentation/webdriver/troubleshooting/errors#no-such-element-exception
Build info: version: '4.16.1', revision: '9b4c83354e'
System info: os.name: 'Mac OS X', os.arch: 'x86_64', os.version: '11.5', java.version: '11.0.12'
Driver info: org.openqa.selenium.chrome.ChromeDriver
Command: [2ffcb81de195da9f26a49378f11c2fcf, findElement {using=css selector, value=a[href='/web#menu_id=445&action=']}]
Capabilities {acceptInsecureCerts: false, browserName: chrome, browserVersion: 123.0.6312.58, chrome: {chromedriverVersion: 123.0.6312.58 (6b4b19e9dfbb..., userDataDir: /var/folders/s1/2g71bq194ql...}, fedcm:accounts: true, goog:chromeOptions: {debuggerAddress: localhost:52214}, networkConnectionEnabled: false, pageLoadStrategy: normal, platformName: mac, proxy: Proxy(), se:cdp: ws://localhost:52214/devtoo..., se:cdpVersion: 123.0.6312.58, setWindowRect: true, strictFileInteractability: false, timeouts: {implicit: 0, pageLoad: 300000, script: 30000}, unhandledPromptBehavior: dismiss and notify, webauthn:extension:credBlob: true, webauthn:extension:largeBlob: true, webauthn:extension:minPinLength: true, webauthn:extension:prf: true, webauthn:virtualAuthenticators: true}
Session ID: 2ffcb81de195da9f26a49378f11c2fcf
]]></error>
    <system-out><![CDATA[---> @Before: RUNNING BEFORE EACH SCENARIO 
ser click account name tab                                                                                                                    # com.twiliaerp.step_definitions.LogOutStepDef_B32G20_136_Tatiana.user_click_account_name_tab()
  When user clicks "Documentation" button
  Then user should see these main document topics:
    | User Docs            |
    | Install and Maintain |
    | Developer            |
    | Contribute           |

Scenario Outline: AC2: Verify that 4 main document topics (User Docs, Install and Maintain, Developer, Contribute) are listed in Odoo Documentation. # src/test/resources/features/Documentation_B32G20-144_Buse.feature:37
  Given user login successfully with valid credentials "inventorymanager", 65                                                                        # com.twiliaerp.step_definitions.SalesPageStepDef_B32G20_141_Buse.user_login_successfully_with_valid_credentials(java.lang.String,int)
      org.openqa.selenium.TimeoutException: Expected condition failed: waiting for visibility of Proxy element for: DefaultElementLocator 'By.cssSelector: a[href='/web#menu_id=445&action=']' (tried for 20 second(s) with 500 milliseconds interval)
	at org.openqa.selenium.support.ui.WebDriverWait.timeoutException(WebDriverWait.java:84)
	at org.openqa.selenium.support.ui.FluentWait.until(FluentWait.java:229)
	at com.twiliaerp.page.BasePage_US01_Buse.loginWithExcelFileCredentials(BasePage_US01_Buse.java:85)
	at com.twiliaerp.step_definitions.SalesPageStepDef_B32G20_141_Buse.user_login_successfully_with_valid_credentials(SalesPageStepDef_B32G20_141_Buse.java:27)
	at ✽.user login successfully with valid credentials "inventorymanager", 65(file:///Users/buseayvedi/IdeaProjects/B32G20-AutomationProject/src/test/resources/features/Documentation_B32G20-144_Buse.feature:23)
Caused by: org.openqa.selenium.NoSuchElementException: no such element: Unable to locate element: {"method":"css selector","selector":"a[href='/web#menu_id=445&action=']"}
  (Session info: chrome=123.0.6312.58)
For documentation on this error, please visit: https://www.selenium.dev/documentation/webdriver/troubleshooting/errors#no-such-element-exception
Build info: version: '4.16.1', revision: '9b4c83354e'
System info: os.name: 'Mac OS X', os.arch: 'x86_64', os.version: '11.5', java.version: '11.0.12'
Driver info: org.openqa.selenium.chrome.ChromeDriver
Command: [2ffcb81de195da9f26a49378f11c2fcf, findElement {using=css selector, value=a[href='/web#menu_id=445&action=']}]
Capabilities {acceptInsecureCerts: false, browserName: chrome, browserVersion: 123.0.6312.58, chrome: {chromedriverVersion: 123.0.6312.58 (6b4b19e9dfbb..., userDataDir: /var/folders/s1/2g71bq194ql...}, fedcm:accounts: true, goog:chromeOptions: {debuggerAddress: localhost:52214}, networkConnectionEnabled: false, pageLoadStrategy: normal, platformName: mac, proxy: Proxy(), se:cdp: ws://localhost:52214/devtoo..., se:cdpVersion: 123.0.6312.58, setWindowRect: true, strictFileInteractability: false, timeouts: {implicit: 0, pageLoad: 300000, script: 30000}, unhandledPromptBehavior: dismiss and notify, webauthn:extension:credBlob: true, webauthn:extension:largeBlob: true, webauthn:extension:minPinLength: true, webauthn:extension:prf: true, webauthn:virtualAuthenticators: true}
Session ID: 2ffcb81de195da9f26a49378f11c2fcf
	at java.base/jdk.internal.reflect.NativeConstructorAccessorImpl.newInstance0(Native Method)
	at java.base/jdk.internal.reflect.NativeConstructorAccessorImpl.newInstance(NativeConstructorAccessorImpl.java:62)
	at java.base/jdk.internal.reflect.DelegatingConstructorAccessorImpl.newInstance(DelegatingConstructorAccessorImpl.java:45)
	at java.base/java.lang.reflect.Constructor.newInstance(Constructor.java:490)
	at org.openqa.selenium.remote.codec.w3c.W3CHttpResponseCodec.createException(W3CHttpResponseCodec.java:200)
	at org.openqa.selenium.remote.codec.w3c.W3CHttpResponseCodec.decode(W3CHttpResponseCodec.java:133)
	at org.openqa.selenium.remote.codec.w3c.W3CHttpResponseCodec.decode(W3CHttpResponseCodec.java:52)
	at org.openqa.selenium.remote.HttpCommandExecutor.execute(HttpCommandExecutor.java:191)
	at org.openqa.selenium.remote.service.DriverCommandExecutor.invokeExecute(DriverCommandExecutor.java:200)
	at org.openqa.selenium.remote.service.DriverCommandExecutor.execute(DriverCommandExecutor.java:175)
	at org.openqa.selenium.remote.RemoteWebDriver.execute(RemoteWebDriver.java:523)
	at org.openqa.selenium.remote.ElementLocation$ElementFinder$2.findElement(ElementLocation.java:165)
	at org.openqa.selenium.remote.ElementLocation.findElement(ElementLocation.java:59)
	at org.openqa.selenium.remote.RemoteWebDriver.findElement(RemoteWebDriver.java:360)
	at org.openqa.selenium.remote.RemoteWebDriver.findElement(RemoteWebDriver.java:354)
	at org.openqa.selenium.support.pagefactory.DefaultElementLocator.findElement(DefaultElementLocator.java:68)
	at org.openqa.selenium.support.pagefactory.internal.LocatingElementHandler.invoke(LocatingElementHandler.java:38)
	at com.sun.proxy.$Proxy22.isDisplayed(Unknown Source)
	at org.openqa.selenium.support.ui.ExpectedConditions.elementIfVisible(ExpectedConditions.java:304)
	at org.openqa.selenium.support.ui.ExpectedConditions$10.apply(ExpectedConditions.java:290)
	at org.openqa.selenium.support.ui.ExpectedConditions$10.apply(ExpectedConditions.java:287)
	at org.openqa.selenium.support.ui.FluentWait.until(FluentWait.java:204)
	at com.twiliaerp.page.BasePage_US01_Buse.loginWithExcelFileCredentials(BasePage_US01_Buse.java:85)
	at com.twiliaerp.step_definitions.SalesPageStepDef_B32G20_141_Buse.user_login_successfully_with_valid_credentials(SalesPageStepDef_B32G20_141_Buse.java:27)
	at jdk.internal.reflect.GeneratedMethodAccessor139.invoke(Unknown Source)
	at java.base/jdk.internal.reflect.DelegatingMethodAccessorImpl.invoke(DelegatingMethodAccessorImpl.java:43)
	at java.base/java.lang.reflect.Method.invoke(Method.java:566)
	at io.cucumber.java.Invoker.doInvoke(Invoker.java:66)
	at io.cucumber.java.Invoker.invoke(Invoker.java:24)
	at io.cucumber.java.AbstractGlueDefinition.invokeMethod(AbstractGlueDefinition.java:47)
	at io.cucumber.java.JavaStepDefinition.execute(JavaStepDefinition.java:29)
	at io.cucumber.core.runner.CoreStepDefinition.execute(CoreStepDefinition.java:66)
	at io.cucumber.core.runner.PickleStepDefinitionMatch.runStep(PickleStepDefinitionMatch.java:63)
	at io.cucumber.core.runner.ExecutionMode$1.execute(ExecutionMode.java:10)
	at io.cucumber.core.runner.TestStep.executeStep(TestStep.java:85)
	at io.cucumber.core.runner.TestStep.run(TestStep.java:57)
	at io.cucumber.core.runner.PickleStepTestStep.run(PickleStepTestStep.java:51)
	at io.cucumber.core.runner.TestCase.run(TestCase.java:84)
	at io.cucumber.core.runner.Runner.runPickle(Runner.java:75)
	at io.cucumber.junit.PickleRunners$NoStepDescriptions.lambda$run$0(PickleRunners.java:151)
	at io.cucumber.core.runtime.CucumberExecutionContext.lambda$runTestCase$5(CucumberExecutionContext.java:129)
	at io.cucumber.core.runtime.RethrowingThrowableCollector.executeAndThrow(RethrowingThrowableCollector.java:23)
	at io.cucumber.core.runtime.CucumberExecutionContext.runTestCase(CucumberExecutionContext.java:129)
	at io.cucumber.junit.PickleRunners$NoStepDescriptions.run(PickleRunners.java:148)
	at io.cucumber.junit.FeatureRunner.runChild(FeatureRunner.java:144)
	at io.cucumber.junit.FeatureRunner.runChild(FeatureRunner.java:28)
	at org.junit.runners.ParentRunner$4.run(ParentRunner.java:331)
	at org.junit.runners.ParentRunner$1.schedule(ParentRunner.java:79)
	at org.junit.runners.ParentRunner.runChildren(ParentRunner.java:329)
	at org.junit.runners.ParentRunner.access$100(ParentRunner.java:66)
	at org.junit.runners.ParentRunner$2.evaluate(ParentRunner.java:293)
	at org.junit.runners.ParentRunner$3.evaluate(ParentRunner.java:306)
	at org.junit.runners.ParentRunner.run(ParentRunner.java:413)
	at io.cucumber.junit.FeatureRunner.run(FeatureRunner.java:137)
	at io.cucumber.junit.Cucumber.runChild(Cucumber.java:196)
	at io.cucumber.junit.Cucumber.runChild(Cucumber.java:89)
	at org.junit.runners.ParentRunner$4.run(ParentRunner.java:331)
	at org.apache.maven.surefire.junitcore.pc.Scheduler$1.run(Sche---> @After: RUNNING AFTER EACH SCENARIO
]]></system-out>
    <system-err><![CDATA[Mar 23, 2024 5:36:38 PM org.openqa.selenium.devtools.CdpVersionFinder findNearestMatch
WARNING: Unable to find an exact match for CDP version 123, returning the closest version; found: 120; Please update to a Selenium version that supports CDP version 123
]]></system-err>
  </testcase>
  <testcase name="AC2: Verify that 4 main document topics (User Docs, Install and Maintain, Developer, Contribute) are listed in Odoo Documentation. #5" classname="Documentation Page functionality" time="55.731">
    <error message="Expected condition failed: waiting for visibility of Proxy element for: DefaultElementLocator &apos;By.cssSelector: a[href=&apos;/web#menu_id=445&amp;action=&apos;]&apos; (tried for 20 second(s) with 500 milliseconds interval)" type="org.openqa.selenium.TimeoutException"><![CDATA[org.openqa.selenium.TimeoutException: Expected condition failed: waiting for visibility of Proxy element for: DefaultElementLocator 'By.cssSelector: a[href='/web#menu_id=445&action=']' (tried for 20 second(s) with 500 milliseconds interval)
Caused by: org.openqa.selenium.NoSuchElementException: 
no such element: Unable to locate element: {"method":"css selector","selector":"a[href='/web#menu_id=445&action=']"}
  (Session info: chrome=123.0.6312.58)
For documentation on this error, please visit: https://www.selenium.dev/documentation/webdriver/troubleshooting/errors#no-such-element-exception
Build info: version: '4.16.1', revision: '9b4c83354e'
System info: os.name: 'Mac OS X', os.arch: 'x86_64', os.version: '11.5', java.version: '11.0.12'
Driver info: org.openqa.selenium.chrome.ChromeDriver
Command: [338ddaf1c6d8abb51d658d0aad3ad0f1, findElement {using=css selector, value=a[href='/web#menu_id=445&action=']}]
Capabilities {acceptInsecureCerts: false, browserName: chrome, browserVersion: 123.0.6312.58, chrome: {chromedriverVersion: 123.0.6312.58 (6b4b19e9dfbb..., userDataDir: /var/folders/s1/2g71bq194ql...}, fedcm:accounts: true, goog:chromeOptions: {debuggerAddress: localhost:52234}, networkConnectionEnabled: false, pageLoadStrategy: normal, platformName: mac, proxy: Proxy(), se:cdp: ws://localhost:52234/devtoo..., se:cdpVersion: 123.0.6312.58, setWindowRect: true, strictFileInteractability: false, timeouts: {implicit: 0, pageLoad: 300000, script: 30000}, unhandledPromptBehavior: dismiss and notify, webauthn:extension:credBlob: true, webauthn:extension:largeBlob: true, webauthn:extension:minPinLength: true, webauthn:extension:prf: true, webauthn:virtualAuthenticators: true}
Session ID: 338ddaf1c6d8abb51d658d0aad3ad0f1
]]></error>
    <system-out><![CDATA[---> @Before: RUNNING BEFORE EACH SCENARIO 
duler.java:405)
	at java.base/java.util.concurrent.Executors$RunnableAdapter.call(Executors.java:515)
	at java.base/java.util.concurrent.FutureTask.run(FutureTask.java:264)
	at java.base/java.util.concurrent.ThreadPoolExecutor.runWorker(ThreadPoolExecutor.java:1128)
	at java.base/java.util.concurrent.ThreadPoolExecutor$Worker.run(ThreadPoolExecutor.java:628)
	at java.base/java.lang.Thread.run(Thread.java:834)

  And user click account name tab                                                                                                                    # com.twiliaerp.step_definitions.LogOutStepDef_B32G20_136_Tatiana.user_click_account_name_tab()
  When user clicks "Documentation" button
  Then user should see these main document topics:
    | User Docs            |
    | Install and Maintain |
    | Developer            |
    | Contribute           |

Scenario Outline: AC2: Verify that 4 main document topics (User Docs, Install and Maintain, Developer, Contribute) are listed in Odoo Documentation. # src/test/resources/features/Documentation_B32G20-144_Buse.feature:38
  Given user login successfully with valid credentials "expensesmanager", 50                                                                         # com.twiliaerp.step_definitions.SalesPageStepDef_B32G20_141_Buse.user_login_successfully_with_valid_credentials(java.lang.String,int)
      org.openqa.selenium.TimeoutException: Expected condition failed: waiting for visibility of Proxy element for: DefaultElementLocator 'By.cssSelector: a[href='/web#menu_id=445&action=']' (tried for 20 second(s) with 500 milliseconds interval)
	at org.openqa.selenium.support.ui.WebDriverWait.timeoutException(WebDriverWait.java:84)
	at org.openqa.selenium.support.ui.FluentWait.until(FluentWait.java:229)
	at com.twiliaerp.page.BasePage_US01_Buse.loginWithExcelFileCredentials(BasePage_US01_Buse.java:85)
	at com.twiliaerp.step_definitions.SalesPageStepDef_B32G20_141_Buse.user_login_successfully_with_valid_credentials(SalesPageStepDef_B32G20_141_Buse.java:27)
	at ✽.user login successfully with valid credentials "expensesmanager", 50(file:///Users/buseayvedi/IdeaProjects/B32G20-AutomationProject/src/test/resources/features/Documentation_B32G20-144_Buse.feature:23)
Caused by: org.openqa.selenium.NoSuchElementException: no such element: Unable to locate element: {"method":"css selector","selector":"a[href='/web#menu_id=445&action=']"}
  (Session info: chrome=123.0.6312.58)
For documentation on this error, please visit: https://www.selenium.dev/documentation/webdriver/troubleshooting/errors#no-such-element-exception
Build info: version: '4.16.1', revision: '9b4c83354e'
System info: os.name: 'Mac OS X', os.arch: 'x86_64', os.version: '11.5', java.version: '11.0.12'
Driver info: org.openqa.selenium.chrome.ChromeDriver
Command: [338ddaf1c6d8abb51d658d0aad3ad0f1, findElement {using=css selector, value=a[href='/web#menu_id=445&action=']}]
Capabilities {acceptInsecureCerts: false, browserName: chrome, browserVersion: 123.0.6312.58, chrome: {chromedriverVersion: 123.0.6312.58 (6b4b19e9dfbb..., userDataDir: /var/folders/s1/2g71bq194ql...}, fedcm:accounts: true, goog:chromeOptions: {debuggerAddress: localhost:52234}, networkConnectionEnabled: false, pageLoadStrategy: normal, platformName: mac, proxy: Proxy(), se:cdp: ws://localhost:52234/devtoo..., se:cdpVersion: 123.0.6312.58, setWindowRect: true, strictFileInteractability: false, timeouts: {implicit: 0, pageLoad: 300000, script: 30000}, unhandledPromptBehavior: dismiss and notify, webauthn:extension:credBlob: true, webauthn:extension:largeBlob: true, webauthn:extension:minPinLength: true, webauthn:extension:prf: true, webauthn:virtualAuthenticators: true}
Session ID: 338ddaf1c6d8abb51d658d0aad3ad0f1
	at java.base/jdk.internal.reflect.NativeConstructorAccessorImpl.newInstance0(Native Method)
	at java.base/jdk.internal.reflect.NativeConstructorAccessorImpl.newInstance(NativeConstructorAccessorImpl.java:62)
	at java.base/jdk.internal.reflect.DelegatingConstructorAccessorImpl.newInstance(DelegatingConstructorAccessorImpl.java:45)
	at java.base/java.lang.reflect.Constructor.newInstance(Constructor.java:490)
	at org.openqa.selenium.remote.codec.w3c.W3CHttpResponseCodec.createException(W3CHttpResponseCodec.java:200)
	at org.openqa.selenium.remote.codec.w3c.W3CHttpResponseCodec.decode(W3CHttpResponseCodec.java:133)
	at org.openqa.selenium.remote.codec.w3c.W3CHttpResponseCodec.decode(W3CHttpResponseCodec.java:52)
	at org.openqa.selenium.remote.HttpCommandExecutor.execute(HttpCommandExecutor.java:191)
	at org.openqa.selenium.remote.service.DriverCommandExecutor.invokeExecute(DriverCommandExecutor.java:200)
	at org.openqa.selenium.remote.service.DriverCommandExecutor.execute(DriverCommandExecutor.java:175)
	at org.openqa.selenium.remote.RemoteWebDriver.execute(RemoteWebDriver.java:523)
	at org.openqa.selenium.remote.ElementLocation$ElementFinder$2.findElement(ElementLocation.java:165)
	at org.openqa.selenium.remote.ElementLocation.findElement(ElementLocation.java:59)
	at org.openqa.selenium.remote.RemoteWebDriver.findElement(RemoteWebDriver.java:360)
	at org.openqa.selenium.remote.RemoteWebDriver.findElement(RemoteWebDriver.java:354)
	at org.openqa.selenium.support.pagefactory.DefaultElementLocator.findElement(DefaultElementLocator.java:68)
	at org.openqa.selenium.support.pagefactory.internal.LocatingElementHandler.invoke(LocatingElementHandler.java:38)
	at com.sun.proxy.$Proxy22.isDisplayed(Unknown Source)
	at org.openqa.selenium.support.ui.ExpectedConditions.elementIfVisible(ExpectedConditions.java:304)
	at org.openqa.selenium.support.ui.ExpectedConditions$10.apply(ExpectedConditions.java:290)
	at org.openqa.selenium.support.ui.ExpectedConditions$10.apply(ExpectedConditions.java:287)
	at org.openqa.selenium.support.ui.FluentWait.until(FluentWait.java:204)
	at com.twiliaerp.page.BasePage_US01_Buse.loginWithExcelFileCredentials(BasePage_US01_Buse.java:85)
	at com.twiliaerp.step_definitions.SalesPageStepDef_B32G20_141_Buse.user_login_successfully_with_valid_credentials(SalesPageStepDef_B32G20_141_Buse.java:27)
	at jdk.internal.reflect.GeneratedMethodAccessor139.invoke(Unknown Source)
	at java.base/jdk.internal.reflect.DelegatingMethodAccessorImpl.invoke(DelegatingMethodAccessorImpl.java:43)
	at java.base/java.lang.reflect.Method.invoke(Method.java:566)
	at io.cucumber.java.Invoker.doInvoke(Invoker.java:66)
	at io.cucumber.java.Invoker.invoke(Invoker.java:24)
	at io.cucumber.java.AbstractGlueDefinition.invokeMethod(AbstractGlueDefinition.java:47)
	at io.cucumber.java.JavaStepDefinition.execute(JavaStepDefinition.java:29)
	at io.cucumber.core.runner.CoreStepDefinition.execute(CoreStepDefinition.java:66)
	at io.cucumber.core.runner.PickleStepDefinitionMatch.runStep(PickleStepDefinitionMatch.java:63)
	at io.cucumber.core.runner.ExecutionMode$1.execute(ExecutionMode.java:10)
	at io.cucumber.core.runner.TestStep.executeStep(TestStep.java:85)
	at io.cucumber.core.runner.TestStep.run(TestStep.java:57)
	at io.cucumber.core.runner.PickleStepTestStep.run(PickleStepTestStep.java:51)
	at io.cucumber.core.runner.TestCase.run(TestCase.java:84)
	at io.cucumber.core.runner.Runner.runPickle(Runner.java:75)
	at io.cucumber.junit.PickleRunners$NoStepDescriptions.lambda$run$0(PickleRunners.java:151)
	at io.cucumber.core.runtime.CucumberExecutionContext.lambda$runTestCase$5(CucumberExecutionContext.java:129)
	at io.cucumber.core.runtime.RethrowingThrowableCollector.executeAndThrow(RethrowingThrowableCollector.java:23)
	at io.cucumber.core.runtime.CucumberExecutionContext.runTestCase(CucumberExecutionContext.java:129)
	at io.cucumber.junit.PickleRunners$NoStepDescriptions.run(PickleRunners.java:148)
	at io.cucumber.junit.FeatureRunner.runChild(FeatureRunner.java:144)
	at io.cucumber.junit.FeatureRunner.runChild(FeatureRunner.java:28)
	at org.junit.runners.ParentRunner$4.run(ParentRunner.java:331)
	at org.junit.runners.ParentRunner$1.schedule(ParentRunner.java:79)
	at org.junit.runners.ParentRunner.runChildren(ParentRunner.java:329)
	at org.junit.runners.ParentRunner.access$100(ParentRunner.java:66)
	at org.junit.runners.ParentRunner$2.evaluate(ParentRunner.java:293)
	at org.junit.runne---> @After: RUNNING AFTER EACH SCENARIO
]]></system-out>
    <system-err><![CDATA[Mar 23, 2024 5:37:33 PM org.openqa.selenium.devtools.CdpVersionFinder findNearestMatch
WARNING: Unable to find an exact match for CDP version 123, returning the closest version; found: 120; Please update to a Selenium version that supports CDP version 123
]]></system-err>
  </testcase>
</testsuite>