<?xml version="1.0" encoding="UTF-8"?>
<testsuite xmlns:xsi="http://www.w3.org/2001/XMLSchema-instance" xsi:noNamespaceSchemaLocation="https://maven.apache.org/surefire/maven-surefire-plugin/xsd/surefire-test-report-3.0.xsd" version="3.0" name="Default #4" time="185.742" tests="8" errors="0" skipped="0" failures="0">
  <properties>
[...]
</properties>
  <testcase name="AC1:Verify there are 6 columns which shows the details of quotations on the Sales page when the POS &amp; Sales Managers login. #1" classname="Default #4" time="37.357">
    <system-out><![CDATA[---> @Before: RUNNING BEFORE EACH SCENARIO 
---> @After: RUNNING AFTER EACH SCENARIO
]]></system-out>
    <system-err><![CDATA[Mar 23, 2024 5:32:39 PM org.openqa.selenium.devtools.CdpVersionFinder findNearestMatch
WARNING: Unable to find an exact match for CDP version 123, returning the closest version; found: 120; Please update to a Selenium version that supports CDP version 123
]]></system-err>
  </testcase>
  <testcase name="AC1:Verify there are 6 columns which shows the details of quotations on the Sales page when the POS &amp; Sales Managers login. #2" classname="Default #4" time="30.034">
    <system-out><![CDATA[---> @Before: RUNNING BEFORE EACH SCENARIO 
---> @After: RUNNING AFTER EACH SCENARIO
]]></system-out>
    <system-err><![CDATA[Mar 23, 2024 5:33:13 PM org.openqa.selenium.devtools.CdpVersionFinder findNearestMatch
WARNING: Unable to find an exact match for CDP version 123, returning the closest version; found: 120; Please update to a Selenium version that supports CDP version 123
]]></system-err>
  </testcase>
  <testcase name="AC1:Verify there are 6 columns which shows the details of quotations on the Sales page when the POS &amp; Sales Managers login. #3" classname="Default #4" time="24.678">
    <system-out><![CDATA[---> @Before: RUNNING BEFORE EACH SCENARIO 
---> @After: RUNNING AFTER EACH SCENARIO
]]></system-out>
    <system-err><![CDATA[Mar 23, 2024 5:33:42 PM org.openqa.selenium.devtools.CdpVersionFinder findNearestMatch
WARNING: Unable to find an exact match for CDP version 123, returning the closest version; found: 120; Please update to a Selenium version that supports CDP version 123
]]></system-err>
  </testcase>
  <testcase name="AC1:Verify there are 6 columns which shows the details of quotations on the Sales page when the POS &amp; Sales Managers login. #4" classname="Default #4" time="17.981">
    <system-out><![CDATA[---> @Before: RUNNING BEFORE EACH SCENARIO 
---> @After: RUNNING AFTER EACH SCENARIO
]]></system-out>
    <system-err><![CDATA[Mar 23, 2024 5:34:07 PM org.openqa.selenium.devtools.CdpVersionFinder findNearestMatch
WARNING: Unable to find an exact match for CDP version 123, returning the closest version; found: 120; Please update to a Selenium version that supports CDP version 123
]]></system-err>
  </testcase>
  <testcase name="AC2: Verify user can see the result on the list when searching with Quotation Number data. #1" classname="Default #4" time="18.752">
    <system-out><![CDATA[---> @Before: RUNNING BEFORE EACH SCENARIO 
---> @After: RUNNING AFTER EACH SCENARIO
]]></system-out>
    <system-err><![CDATA[Mar 23, 2024 5:34:24 PM org.openqa.selenium.devtools.CdpVersionFinder findNearestMatch
WARNING: Unable to find an exact match for CDP version 123, returning the closest version; found: 120; Please update to a Selenium version that supports CDP version 123
]]></system-err>
  </testcase>
  <testcase name="AC2: Verify user can see the result on the list when searching with Quotation Number data. #2" classname="Default #4" time="17.817">
    <system-out><![CDATA[---> @Before: RUNNING BEFORE EACH SCENARIO 
ns.act_window" data-action-id="723">...</a> is not clickable at point (820, 16). Other element would receive the click: <div class="o_loading" style="opacity: 0.013815;">...</div>
  (Session info: chrome=123.0.6312.58)
Build info: version: '4.16.1', revision: '9b4c83354e'
System info: os.name: 'Mac OS X', os.arch: 'x86_64', os.version: '11.5', java.version: '11.0.12'
Driver info: org.openqa.selenium.chrome.ChromeDriver
Command: [80e7829ce31b50eb4ab7ad03b86456fa, clickElement {id=f.065418138705BBDC5BA46930E0C4661F.d.C26C30FF3AC490CACA2F448A6AD14E5F.e.549}]
Capabilities {acceptInsecureCerts: false, browserName: chrome, browserVersion: 123.0.6312.58, chrome: {chromedriverVersion: 123.0.6312.58 (6b4b19e9dfbb..., userDataDir: /var/folders/s1/2g71bq194ql...}, fedcm:accounts: true, goog:chromeOptions: {debuggerAddress: localhost:52001}, networkConnectionEnabled: false, pageLoadStrategy: normal, platformName: mac, proxy: Proxy(), se:cdp: ws://localhost:52001/devtoo..., se:cdpVersion: 123.0.6312.58, setWindowRect: true, strictFileInteractability: false, timeouts: {implicit: 0, pageLoad: 300000, script: 30000}, unhandledPromptBehavior: dismiss and notify, webauthn:extension:credBlob: true, webauthn:extension:largeBlob: true, webauthn:extension:minPinLength: true, webauthn:extension:prf: true, webauthn:virtualAuthenticators: true}
Element: [[ChromeDriver: chrome on mac (80e7829ce31b50eb4ab7ad03b86456fa)] -> xpath: //a[@href='/web#menu_id=535&action=723']]
Session ID: 80e7829ce31b50eb4ab7ad03b86456fa
	at java.base/jdk.internal.reflect.NativeConstructorAccessorImpl.newInstance0(Native Method)
	at java.base/jdk.internal.reflect.NativeConstructorAccessorImpl.newInstance(NativeConstructorAccessorImpl.java:62)
	at java.base/jdk.internal.reflect.DelegatingConstructorAccessorImpl.newInstance(DelegatingConstructorAccessorImpl.java:45)
	at java.base/java.lang.reflect.Constructor.newInstance(Constructor.java:490)
	at org.openqa.selenium.remote.codec.w3c.W3CHttpResponseCodec.createException(W3CHttpResponseCodec.java:200)
	at org.openqa.selenium.remote.codec.w3c.W3CHttpResponseCodec.decode(W3CHttpResponseCodec.java:133)
	at org.openqa.selenium.remote.codec.w3c.W3CHttpResponseCodec.decode(W3CHttpResponseCodec.java:52)
	at org.openqa.selenium.remote.HttpCommandExecutor.execute(HttpCommandExecutor.java:191)
	at org.openqa.selenium.remote.service.DriverCommandExecutor.invokeExecute(DriverCommandExecutor.java:200)
	at org.openqa.selenium.remote.service.DriverCommandExecutor.execute(DriverCommandExecutor.java:175)
	at org.openqa.selenium.remote.RemoteWebDriver.execute(RemoteWebDriver.java:523)
	at org.openqa.selenium.remote.RemoteWebElement.execute(RemoteWebElement.java:224)
	at org.openqa.selenium.remote.RemoteWebElement.click(RemoteWebElement.java:77)
	at jdk.internal.reflect.GeneratedMethodAccessor137.invoke(Unknown Source)
	at java.base/jdk.internal.reflect.DelegatingMethodAccessorImpl.invoke(DelegatingMethodAccessorImpl.java:43)
	at java.base/java.lang.reflect.Method.invoke(Method.java:566)
	at org.openqa.selenium.support.pagefactory.internal.LocatingElementHandler.invoke(LocatingElementHandler.java:51)
	at com.sun.proxy.$Proxy22.click(Unknown Source)
	at com.twiliaerp.page.RepairsPage_B32G20_141_Buse.repairModuleClick(RepairsPage_B32G20_141_Buse.java:56)
	at com.twiliaerp.step_definitions.RepairsPage_StepDef_B32G20_142_Buse.user_clicks_repairs_title_and_land_on_the_page_successfully(RepairsPage_StepDef_B32G20_142_Buse.java:24)
	at ✽.user clicks Repairs title and land on the page successfully(file:///Users/buseayvedi/IdeaProjects/B32G20-AutomationProject/src/test/resources/features/RepairsPage_B32G20_142_Buse.feature:37)

  When user enters "RN" in the search box on the Repairs page and hit the enter key                                                                 # com.twiliaerp.step_definitions.RepairsPage_StepDef_B32G20_142_Buse.user_enters_in_the_search_box_on_the_repairs_page_and_hit_the_enter_key(java.lang.String)
  Then user should see the result on the Repair Order list : "RN","iPhone X","ASUSTeK, James Miller","ASUSTeK, Peter Mitchell","","Ready to Repair" # com.twiliaerp.step_definitions.RepairsPage_StepDef_B32G20_142_Buse.user_should_see_the_result_on_the_repair_order_list(java.lang.String,java.lang.String,java.lang.String,java.lang.String,java.lang.String,java.lang.String)
  Given user login successfully with valid credentials "posmanager", 5                                                             # com.twiliaerp.step_definitions.SalesPageStepDef_B32G20_141_Buse.user_login_successfully_with_valid_credentials(java.lang.String,int)

@B32G20-165 @B32G20-164
Scenario Outline: AC2: Verify user can see the result on the list when searching with Repair Reference data. # src/test/resources/features/RepairsPage_B32G20_142_Buse.feature:44
  When user clicks Sales title and land on the page successfully                                                                   # com.twiliaerp.step_definitions.SalesPageStepDef_B32G20_141_Buse.user_clicks_sales_title_and_land_on_the_page_successfully()
  When user enters "SO811" in the search box and hit the enter key                                                                 # com.twiliaerp.step_definitions.SalesPageStepDef_B32G20_141_Buse.user_enters_in_the_search_box_and_hit_the_enter_key(java.lang.String)
  Then user should see the result on the list : "SO811","06/19/2019 15:55:12","Al banana","EventsCRM_User3","$ 1.00","Sales Order" # com.twiliaerp.step_definitions.SalesPageStepDef_B32G20_141_Buse.user_should_see_the_result_on_the_list(java.lang.String,java.lang.String,java.lang.String,java.lang.String,java.lang.String,java.lang.String)

@B32G20-159 @B32G20-158
Scenario Outline: AC2: Verify user can see the result on the list when searching with Quotation Number data.     # src/test/resources/features/SalesPage_B32G20_141_Busee.feature:34
  Given user login successfully with valid credentials "posmanager", 55                                      # com.twiliaerp.step_definitions.SalesPageStepDef_B32G20_141_Buse.user_login_successfully_with_valid_credentials(java.lang.String,int)
  When user clicks Repairs title and land on the page successfully                                           # com.twiliaerp.step_definitions.RepairsPage_StepDef_B32G20_142_Buse.user_clicks_repairs_title_and_land_on_the_page_successfully()
  Given user login successfully with valid credentials "posmanager", 55                                          # com.twiliaerp.step_definitions.SalesPageStepDef_B32G20_141_Buse.user_login_successfully_with_valid_credentials(java.lang.String,int)
  When user enters "RMA/00302" in the search box on the Repairs page and hit the enter key                   # com.twiliaerp.step_definitions.RepairsPage_StepDef_B32G20_142_Buse.user_enters_in_the_search_box_on_the_repairs_page_and_hit_the_enter_key(java.lang.String)
  Then user should see the result on the Repair Order list : "RMA/00302","iPhone X","","","","Confirmed"     # com.twiliaerp.step_definitions.RepairsPage_StepDef_B32G20_142_Buse.user_should_see_the_result_on_the_repair_order_list(java.lang.String,java.lang.String,java.lang.String,java.lang.String,java.lang.String,java.lang.String)

@B32G20-165 @B32G20-164
Scenario Outline: AC2: Verify user can see the result on the list when searching with Repair Reference data.                                        # src/test/resources/features/RepairsPage_B32G20_142_Buse.feature:45
  When user clicks Sales title and land on the page successfully                                                 # com.twiliaerp.step_definitions.SalesPageStepDef_B32G20_141_Buse.user_clicks_sales_title_and_land_on_the_page_successfully()
  When user enters "SO056" in the search box and hit the enter key                                               # com.twiliaerp.step_definitions.SalesPageStepDef_B32G20_141_Buse.user_enters_in_the_search_box_and_hit_the_enter_key(java.lang.String)
  Then user should see the result on the list : "SO056","01/21/2019 00:50:20","POSUser2","","$ 4.18","Quotation" # com.twiliaerp.step_definitions.SalesPageStepDef_B32G20_141_Buse.user_should_see_the_result_on_the_list(java.lang.String,java.lang.---> @After: RUNNING AFTER EACH SCENARIO
]]></system-out>
    <system-err><![CDATA[Mar 23, 2024 5:34:42 PM org.openqa.selenium.devtools.CdpVersionFinder findNearestMatch
WARNING: Unable to find an exact match for CDP version 123, returning the closest version; found: 120; Please update to a Selenium version that supports CDP version 123
]]></system-err>
  </testcase>
  <testcase name="AC2: Verify user can see the result on the list when searching with Quotation Number data. #3" classname="Default #4" time="20.902">
    <system-out><![CDATA[---> @Before: RUNNING BEFORE EACH SCENARIO 
---> @After: RUNNING AFTER EACH SCENARIO
]]></system-out>
    <system-err><![CDATA[Mar 23, 2024 5:35:00 PM org.openqa.selenium.devtools.CdpVersionFinder findNearestMatch
WARNING: Unable to find an exact match for CDP version 123, returning the closest version; found: 120; Please update to a Selenium version that supports CDP version 123
]]></system-err>
  </testcase>
  <testcase name="AC2: Verify user can see the result on the list when searching with Quotation Number data. #4" classname="Default #4" time="18.221">
    <system-out><![CDATA[---> @Before: RUNNING BEFORE EACH SCENARIO 
---> @After: RUNNING AFTER EACH SCENARIO
]]></system-out>
    <system-err><![CDATA[Mar 23, 2024 5:35:21 PM org.openqa.selenium.devtools.CdpVersionFinder findNearestMatch
WARNING: Unable to find an exact match for CDP version 123, returning the closest version; found: 120; Please update to a Selenium version that supports CDP version 123
]]></system-err>
  </testcase>
</testsuite>